2018-03-05 22:20:03,571 INFO org.apache.hadoop.yarn.server.resourcemanager.ResourceManager: STARTUP_MSG: 
/************************************************************
STARTUP_MSG: Starting ResourceManager
STARTUP_MSG:   host = jg-VirtualBox/127.0.1.1
STARTUP_MSG:   args = []
STARTUP_MSG:   version = 3.0.0
STARTUP_MSG:   classpath = /usr/local/hadoop/etc/hadoop:/usr/local/hadoop/share/hadoop/common/lib/jetty-webapp-9.3.19.v20170502.jar:/usr/local/hadoop/share/hadoop/common/lib/jetty-security-9.3.19.v20170502.jar:/usr/local/hadoop/share/hadoop/common/lib/commons-logging-1.1.3.jar:/usr/local/hadoop/share/hadoop/common/lib/snappy-java-1.0.5.jar:/usr/local/hadoop/share/hadoop/common/lib/jul-to-slf4j-1.7.25.jar:/usr/local/hadoop/share/hadoop/common/lib/xz-1.0.jar:/usr/local/hadoop/share/hadoop/common/lib/junit-4.11.jar:/usr/local/hadoop/share/hadoop/common/lib/kerby-xdr-1.0.1.jar:/usr/local/hadoop/share/hadoop/common/lib/commons-math3-3.1.1.jar:/usr/local/hadoop/share/hadoop/common/lib/token-provider-1.0.1.jar:/usr/local/hadoop/share/hadoop/common/lib/httpclient-4.5.2.jar:/usr/local/hadoop/share/hadoop/common/lib/kerb-admin-1.0.1.jar:/usr/local/hadoop/share/hadoop/common/lib/curator-recipes-2.12.0.jar:/usr/local/hadoop/share/hadoop/common/lib/jackson-databind-2.7.8.jar:/usr/local/hadoop/share/hadoop/common/lib/commons-cli-1.2.jar:/usr/local/hadoop/share/hadoop/common/lib/jetty-server-9.3.19.v20170502.jar:/usr/local/hadoop/share/hadoop/common/lib/jersey-json-1.19.jar:/usr/local/hadoop/share/hadoop/common/lib/curator-client-2.12.0.jar:/usr/local/hadoop/share/hadoop/common/lib/kerb-server-1.0.1.jar:/usr/local/hadoop/share/hadoop/common/lib/avro-1.7.7.jar:/usr/local/hadoop/share/hadoop/common/lib/commons-lang-2.6.jar:/usr/local/hadoop/share/hadoop/common/lib/zookeeper-3.4.9.jar:/usr/local/hadoop/share/hadoop/common/lib/commons-lang3-3.4.jar:/usr/local/hadoop/share/hadoop/common/lib/commons-beanutils-1.9.3.jar:/usr/local/hadoop/share/hadoop/common/lib/kerb-client-1.0.1.jar:/usr/local/hadoop/share/hadoop/common/lib/kerb-util-1.0.1.jar:/usr/local/hadoop/share/hadoop/common/lib/jackson-core-asl-1.9.13.jar:/usr/local/hadoop/share/hadoop/common/lib/jetty-util-9.3.19.v20170502.jar:/usr/local/hadoop/share/hadoop/common/lib/hadoop-auth-3.0.0.jar:/usr/local/hadoop/share/hadoop/common/lib/jetty-http-9.3.19.v20170502.jar:/usr/local/hadoop/share/hadoop/common/lib/slf4j-log4j12-1.7.25.jar:/usr/local/hadoop/share/hadoop/common/lib/jersey-core-1.19.jar:/usr/local/hadoop/share/hadoop/common/lib/jackson-core-2.7.8.jar:/usr/local/hadoop/share/hadoop/common/lib/jsr311-api-1.1.1.jar:/usr/local/hadoop/share/hadoop/common/lib/re2j-1.1.jar:/usr/local/hadoop/share/hadoop/common/lib/htrace-core4-4.1.0-incubating.jar:/usr/local/hadoop/share/hadoop/common/lib/commons-collections-3.2.2.jar:/usr/local/hadoop/share/hadoop/common/lib/jaxb-impl-2.2.3-1.jar:/usr/local/hadoop/share/hadoop/common/lib/curator-framework-2.12.0.jar:/usr/local/hadoop/share/hadoop/common/lib/commons-configuration2-2.1.1.jar:/usr/local/hadoop/share/hadoop/common/lib/nimbus-jose-jwt-4.41.1.jar:/usr/local/hadoop/share/hadoop/common/lib/jetty-xml-9.3.19.v20170502.jar:/usr/local/hadoop/share/hadoop/common/lib/jackson-mapper-asl-1.9.13.jar:/usr/local/hadoop/share/hadoop/common/lib/kerb-simplekdc-1.0.1.jar:/usr/local/hadoop/share/hadoop/common/lib/hamcrest-core-1.3.jar:/usr/local/hadoop/share/hadoop/common/lib/kerby-asn1-1.0.1.jar:/usr/local/hadoop/share/hadoop/common/lib/javax.servlet-api-3.1.0.jar:/usr/local/hadoop/share/hadoop/common/lib/commons-net-3.1.jar:/usr/local/hadoop/share/hadoop/common/lib/json-smart-2.3.jar:/usr/local/hadoop/share/hadoop/common/lib/kerb-crypto-1.0.1.jar:/usr/local/hadoop/share/hadoop/common/lib/jetty-servlet-9.3.19.v20170502.jar:/usr/local/hadoop/share/hadoop/common/lib/commons-io-2.4.jar:/usr/local/hadoop/share/hadoop/common/lib/jcip-annotations-1.0-1.jar:/usr/local/hadoop/share/hadoop/common/lib/kerb-common-1.0.1.jar:/usr/local/hadoop/share/hadoop/common/lib/commons-compress-1.4.1.jar:/usr/local/hadoop/share/hadoop/common/lib/jersey-server-1.19.jar:/usr/local/hadoop/share/hadoop/common/lib/jackson-annotations-2.7.8.jar:/usr/local/hadoop/share/hadoop/common/lib/jackson-xc-1.9.13.jar:/usr/local/hadoop/share/hadoop/common/lib/log4j-1.2.17.jar:/usr/local/hadoop/share/hadoop/common/lib/httpcore-4.4.4.jar:/usr/local/hadoop/share/hadoop/common/lib/jaxb-api-2.2.11.jar:/usr/local/hadoop/share/hadoop/common/lib/metrics-core-3.0.1.jar:/usr/local/hadoop/share/hadoop/common/lib/accessors-smart-1.2.jar:/usr/local/hadoop/share/hadoop/common/lib/jersey-servlet-1.19.jar:/usr/local/hadoop/share/hadoop/common/lib/netty-3.10.5.Final.jar:/usr/local/hadoop/share/hadoop/common/lib/kerb-core-1.0.1.jar:/usr/local/hadoop/share/hadoop/common/lib/jsp-api-2.1.jar:/usr/local/hadoop/share/hadoop/common/lib/kerby-util-1.0.1.jar:/usr/local/hadoop/share/hadoop/common/lib/jsr305-3.0.0.jar:/usr/local/hadoop/share/hadoop/common/lib/jettison-1.1.jar:/usr/local/hadoop/share/hadoop/common/lib/commons-codec-1.4.jar:/usr/local/hadoop/share/hadoop/common/lib/jetty-io-9.3.19.v20170502.jar:/usr/local/hadoop/share/hadoop/common/lib/gson-2.2.4.jar:/usr/local/hadoop/share/hadoop/common/lib/kerby-pkix-1.0.1.jar:/usr/local/hadoop/share/hadoop/common/lib/guava-11.0.2.jar:/usr/local/hadoop/share/hadoop/common/lib/hadoop-annotations-3.0.0.jar:/usr/local/hadoop/share/hadoop/common/lib/stax2-api-3.1.4.jar:/usr/local/hadoop/share/hadoop/common/lib/kerby-config-1.0.1.jar:/usr/local/hadoop/share/hadoop/common/lib/slf4j-api-1.7.25.jar:/usr/local/hadoop/share/hadoop/common/lib/protobuf-java-2.5.0.jar:/usr/local/hadoop/share/hadoop/common/lib/jsch-0.1.54.jar:/usr/local/hadoop/share/hadoop/common/lib/mockito-all-1.8.5.jar:/usr/local/hadoop/share/hadoop/common/lib/woodstox-core-5.0.3.jar:/usr/local/hadoop/share/hadoop/common/lib/jackson-jaxrs-1.9.13.jar:/usr/local/hadoop/share/hadoop/common/lib/asm-5.0.4.jar:/usr/local/hadoop/share/hadoop/common/lib/kerb-identity-1.0.1.jar:/usr/local/hadoop/share/hadoop/common/lib/paranamer-2.3.jar:/usr/local/hadoop/share/hadoop/common/hadoop-nfs-3.0.0.jar:/usr/local/hadoop/share/hadoop/common/hadoop-common-3.0.0-tests.jar:/usr/local/hadoop/share/hadoop/common/hadoop-common-3.0.0.jar:/usr/local/hadoop/share/hadoop/common/hadoop-kms-3.0.0.jar:/usr/local/hadoop/share/hadoop/hdfs:/usr/local/hadoop/share/hadoop/hdfs/lib/jetty-webapp-9.3.19.v20170502.jar:/usr/local/hadoop/share/hadoop/hdfs/lib/jetty-security-9.3.19.v20170502.jar:/usr/local/hadoop/share/hadoop/hdfs/lib/commons-logging-1.1.3.jar:/usr/local/hadoop/share/hadoop/hdfs/lib/snappy-java-1.0.5.jar:/usr/local/hadoop/share/hadoop/hdfs/lib/xz-1.0.jar:/usr/local/hadoop/share/hadoop/hdfs/lib/kerby-xdr-1.0.1.jar:/usr/local/hadoop/share/hadoop/hdfs/lib/commons-math3-3.1.1.jar:/usr/local/hadoop/share/hadoop/hdfs/lib/token-provider-1.0.1.jar:/usr/local/hadoop/share/hadoop/hdfs/lib/httpclient-4.5.2.jar:/usr/local/hadoop/share/hadoop/hdfs/lib/kerb-admin-1.0.1.jar:/usr/local/hadoop/share/hadoop/hdfs/lib/curator-recipes-2.12.0.jar:/usr/local/hadoop/share/hadoop/hdfs/lib/jackson-databind-2.7.8.jar:/usr/local/hadoop/share/hadoop/hdfs/lib/commons-cli-1.2.jar:/usr/local/hadoop/share/hadoop/hdfs/lib/jetty-server-9.3.19.v20170502.jar:/usr/local/hadoop/share/hadoop/hdfs/lib/jersey-json-1.19.jar:/usr/local/hadoop/share/hadoop/hdfs/lib/curator-client-2.12.0.jar:/usr/local/hadoop/share/hadoop/hdfs/lib/kerb-server-1.0.1.jar:/usr/local/hadoop/share/hadoop/hdfs/lib/netty-all-4.0.23.Final.jar:/usr/local/hadoop/share/hadoop/hdfs/lib/avro-1.7.7.jar:/usr/local/hadoop/share/hadoop/hdfs/lib/commons-lang-2.6.jar:/usr/local/hadoop/share/hadoop/hdfs/lib/zookeeper-3.4.9.jar:/usr/local/hadoop/share/hadoop/hdfs/lib/commons-lang3-3.4.jar:/usr/local/hadoop/share/hadoop/hdfs/lib/commons-beanutils-1.9.3.jar:/usr/local/hadoop/share/hadoop/hdfs/lib/kerb-client-1.0.1.jar:/usr/local/hadoop/share/hadoop/hdfs/lib/kerb-util-1.0.1.jar:/usr/local/hadoop/share/hadoop/hdfs/lib/jackson-core-asl-1.9.13.jar:/usr/local/hadoop/share/hadoop/hdfs/lib/jetty-util-9.3.19.v20170502.jar:/usr/local/hadoop/share/hadoop/hdfs/lib/hadoop-auth-3.0.0.jar:/usr/local/hadoop/share/hadoop/hdfs/lib/jetty-http-9.3.19.v20170502.jar:/usr/local/hadoop/share/hadoop/hdfs/lib/jersey-core-1.19.jar:/usr/local/hadoop/share/hadoop/hdfs/lib/jackson-core-2.7.8.jar:/usr/local/hadoop/share/hadoop/hdfs/lib/jsr311-api-1.1.1.jar:/usr/local/hadoop/share/hadoop/hdfs/lib/re2j-1.1.jar:/usr/local/hadoop/share/hadoop/hdfs/lib/htrace-core4-4.1.0-incubating.jar:/usr/local/hadoop/share/hadoop/hdfs/lib/commons-collections-3.2.2.jar:/usr/local/hadoop/share/hadoop/hdfs/lib/jaxb-impl-2.2.3-1.jar:/usr/local/hadoop/share/hadoop/hdfs/lib/curator-framework-2.12.0.jar:/usr/local/hadoop/share/hadoop/hdfs/lib/commons-configuration2-2.1.1.jar:/usr/local/hadoop/share/hadoop/hdfs/lib/nimbus-jose-jwt-4.41.1.jar:/usr/local/hadoop/share/hadoop/hdfs/lib/jetty-xml-9.3.19.v20170502.jar:/usr/local/hadoop/share/hadoop/hdfs/lib/jackson-mapper-asl-1.9.13.jar:/usr/local/hadoop/share/hadoop/hdfs/lib/kerb-simplekdc-1.0.1.jar:/usr/local/hadoop/share/hadoop/hdfs/lib/kerby-asn1-1.0.1.jar:/usr/local/hadoop/share/hadoop/hdfs/lib/javax.servlet-api-3.1.0.jar:/usr/local/hadoop/share/hadoop/hdfs/lib/commons-net-3.1.jar:/usr/local/hadoop/share/hadoop/hdfs/lib/json-smart-2.3.jar:/usr/local/hadoop/share/hadoop/hdfs/lib/leveldbjni-all-1.8.jar:/usr/local/hadoop/share/hadoop/hdfs/lib/kerb-crypto-1.0.1.jar:/usr/local/hadoop/share/hadoop/hdfs/lib/jetty-servlet-9.3.19.v20170502.jar:/usr/local/hadoop/share/hadoop/hdfs/lib/commons-io-2.4.jar:/usr/local/hadoop/share/hadoop/hdfs/lib/jcip-annotations-1.0-1.jar:/usr/local/hadoop/share/hadoop/hdfs/lib/kerb-common-1.0.1.jar:/usr/local/hadoop/share/hadoop/hdfs/lib/commons-compress-1.4.1.jar:/usr/local/hadoop/share/hadoop/hdfs/lib/jersey-server-1.19.jar:/usr/local/hadoop/share/hadoop/hdfs/lib/jackson-annotations-2.7.8.jar:/usr/local/hadoop/share/hadoop/hdfs/lib/jackson-xc-1.9.13.jar:/usr/local/hadoop/share/hadoop/hdfs/lib/log4j-1.2.17.jar:/usr/local/hadoop/share/hadoop/hdfs/lib/httpcore-4.4.4.jar:/usr/local/hadoop/share/hadoop/hdfs/lib/jaxb-api-2.2.11.jar:/usr/local/hadoop/share/hadoop/hdfs/lib/accessors-smart-1.2.jar:/usr/local/hadoop/share/hadoop/hdfs/lib/jetty-util-ajax-9.3.19.v20170502.jar:/usr/local/hadoop/share/hadoop/hdfs/lib/jersey-servlet-1.19.jar:/usr/local/hadoop/share/hadoop/hdfs/lib/netty-3.10.5.Final.jar:/usr/local/hadoop/share/hadoop/hdfs/lib/kerb-core-1.0.1.jar:/usr/local/hadoop/share/hadoop/hdfs/lib/okhttp-2.4.0.jar:/usr/local/hadoop/share/hadoop/hdfs/lib/kerby-util-1.0.1.jar:/usr/local/hadoop/share/hadoop/hdfs/lib/jsr305-3.0.0.jar:/usr/local/hadoop/share/hadoop/hdfs/lib/jettison-1.1.jar:/usr/local/hadoop/share/hadoop/hdfs/lib/commons-daemon-1.0.13.jar:/usr/local/hadoop/share/hadoop/hdfs/lib/commons-codec-1.4.jar:/usr/local/hadoop/share/hadoop/hdfs/lib/jetty-io-9.3.19.v20170502.jar:/usr/local/hadoop/share/hadoop/hdfs/lib/gson-2.2.4.jar:/usr/local/hadoop/share/hadoop/hdfs/lib/kerby-pkix-1.0.1.jar:/usr/local/hadoop/share/hadoop/hdfs/lib/guava-11.0.2.jar:/usr/local/hadoop/share/hadoop/hdfs/lib/okio-1.4.0.jar:/usr/local/hadoop/share/hadoop/hdfs/lib/hadoop-annotations-3.0.0.jar:/usr/local/hadoop/share/hadoop/hdfs/lib/stax2-api-3.1.4.jar:/usr/local/hadoop/share/hadoop/hdfs/lib/json-simple-1.1.1.jar:/usr/local/hadoop/share/hadoop/hdfs/lib/kerby-config-1.0.1.jar:/usr/local/hadoop/share/hadoop/hdfs/lib/protobuf-java-2.5.0.jar:/usr/local/hadoop/share/hadoop/hdfs/lib/jsch-0.1.54.jar:/usr/local/hadoop/share/hadoop/hdfs/lib/woodstox-core-5.0.3.jar:/usr/local/hadoop/share/hadoop/hdfs/lib/jackson-jaxrs-1.9.13.jar:/usr/local/hadoop/share/hadoop/hdfs/lib/asm-5.0.4.jar:/usr/local/hadoop/share/hadoop/hdfs/lib/kerb-identity-1.0.1.jar:/usr/local/hadoop/share/hadoop/hdfs/lib/paranamer-2.3.jar:/usr/local/hadoop/share/hadoop/hdfs/hadoop-hdfs-nfs-3.0.0.jar:/usr/local/hadoop/share/hadoop/hdfs/hadoop-hdfs-3.0.0-tests.jar:/usr/local/hadoop/share/hadoop/hdfs/hadoop-hdfs-httpfs-3.0.0.jar:/usr/local/hadoop/share/hadoop/hdfs/hadoop-hdfs-native-client-3.0.0-tests.jar:/usr/local/hadoop/share/hadoop/hdfs/hadoop-hdfs-client-3.0.0-tests.jar:/usr/local/hadoop/share/hadoop/hdfs/hadoop-hdfs-native-client-3.0.0.jar:/usr/local/hadoop/share/hadoop/hdfs/hadoop-hdfs-3.0.0.jar:/usr/local/hadoop/share/hadoop/hdfs/hadoop-hdfs-client-3.0.0.jar:/usr/local/hadoop/share/hadoop/mapreduce/hadoop-mapreduce-client-nativetask-3.0.0.jar:/usr/local/hadoop/share/hadoop/mapreduce/hadoop-mapreduce-client-shuffle-3.0.0.jar:/usr/local/hadoop/share/hadoop/mapreduce/hadoop-mapreduce-client-jobclient-3.0.0.jar:/usr/local/hadoop/share/hadoop/mapreduce/hadoop-mapreduce-client-core-3.0.0.jar:/usr/local/hadoop/share/hadoop/mapreduce/hadoop-mapreduce-client-hs-3.0.0.jar:/usr/local/hadoop/share/hadoop/mapreduce/hadoop-mapreduce-client-hs-plugins-3.0.0.jar:/usr/local/hadoop/share/hadoop/mapreduce/hadoop-mapreduce-client-common-3.0.0.jar:/usr/local/hadoop/share/hadoop/mapreduce/hadoop-mapreduce-client-app-3.0.0.jar:/usr/local/hadoop/share/hadoop/mapreduce/hadoop-mapreduce-examples-3.0.0.jar:/usr/local/hadoop/share/hadoop/mapreduce/hadoop-mapreduce-client-jobclient-3.0.0-tests.jar:/usr/local/hadoop/share/hadoop/yarn:/usr/local/hadoop/share/hadoop/yarn/lib/servlet-api-2.5-6.1.14.jar:/usr/local/hadoop/share/hadoop/yarn/lib/hbase-hadoop-compat-1.2.6.jar:/usr/local/hadoop/share/hadoop/yarn/lib/hbase-prefix-tree-1.2.6.jar:/usr/local/hadoop/share/hadoop/yarn/lib/hbase-common-1.2.6.jar:/usr/local/hadoop/share/hadoop/yarn/lib/jackson-jaxrs-base-2.7.8.jar:/usr/local/hadoop/share/hadoop/yarn/lib/findbugs-annotations-1.3.9-1.jar:/usr/local/hadoop/share/hadoop/yarn/lib/ehcache-3.3.1.jar:/usr/local/hadoop/share/hadoop/yarn/lib/jersey-guice-1.19.jar:/usr/local/hadoop/share/hadoop/yarn/lib/jackson-jaxrs-json-provider-2.7.8.jar:/usr/local/hadoop/share/hadoop/yarn/lib/hbase-procedure-1.2.6.jar:/usr/local/hadoop/share/hadoop/yarn/lib/guice-4.0.jar:/usr/local/hadoop/share/hadoop/yarn/lib/mssql-jdbc-6.2.1.jre7.jar:/usr/local/hadoop/share/hadoop/yarn/lib/jasper-compiler-5.5.23.jar:/usr/local/hadoop/share/hadoop/yarn/lib/jsp-api-2.1-6.1.14.jar:/usr/local/hadoop/share/hadoop/yarn/lib/metrics-core-2.2.0.jar:/usr/local/hadoop/share/hadoop/yarn/lib/java-util-1.9.0.jar:/usr/local/hadoop/share/hadoop/yarn/lib/hbase-hadoop2-compat-1.2.6.jar:/usr/local/hadoop/share/hadoop/yarn/lib/hbase-annotations-1.2.6.jar:/usr/local/hadoop/share/hadoop/yarn/lib/HikariCP-java7-2.4.12.jar:/usr/local/hadoop/share/hadoop/yarn/lib/htrace-core-3.1.0-incubating.jar:/usr/local/hadoop/share/hadoop/yarn/lib/hbase-server-1.2.6.jar:/usr/local/hadoop/share/hadoop/yarn/lib/jasper-runtime-5.5.23.jar:/usr/local/hadoop/share/hadoop/yarn/lib/joni-2.1.2.jar:/usr/local/hadoop/share/hadoop/yarn/lib/fst-2.50.jar:/usr/local/hadoop/share/hadoop/yarn/lib/javax.inject-1.jar:/usr/local/hadoop/share/hadoop/yarn/lib/guice-servlet-4.0.jar:/usr/local/hadoop/share/hadoop/yarn/lib/jackson-module-jaxb-annotations-2.7.8.jar:/usr/local/hadoop/share/hadoop/yarn/lib/commons-csv-1.0.jar:/usr/local/hadoop/share/hadoop/yarn/lib/hbase-client-1.2.6.jar:/usr/local/hadoop/share/hadoop/yarn/lib/commons-el-1.0.jar:/usr/local/hadoop/share/hadoop/yarn/lib/metrics-core-3.0.1.jar:/usr/local/hadoop/share/hadoop/yarn/lib/jsp-2.1-6.1.14.jar:/usr/local/hadoop/share/hadoop/yarn/lib/aopalliance-1.0.jar:/usr/local/hadoop/share/hadoop/yarn/lib/jcodings-1.0.8.jar:/usr/local/hadoop/share/hadoop/yarn/lib/hbase-protocol-1.2.6.jar:/usr/local/hadoop/share/hadoop/yarn/lib/commons-httpclient-3.1.jar:/usr/local/hadoop/share/hadoop/yarn/lib/geronimo-jcache_1.0_spec-1.0-alpha-1.jar:/usr/local/hadoop/share/hadoop/yarn/lib/jersey-client-1.19.jar:/usr/local/hadoop/share/hadoop/yarn/lib/disruptor-3.3.0.jar:/usr/local/hadoop/share/hadoop/yarn/lib/json-io-2.5.1.jar:/usr/local/hadoop/share/hadoop/yarn/lib/jamon-runtime-2.4.1.jar:/usr/local/hadoop/share/hadoop/yarn/lib/commons-math-2.2.jar:/usr/local/hadoop/share/hadoop/yarn/hadoop-yarn-server-resourcemanager-3.0.0.jar:/usr/local/hadoop/share/hadoop/yarn/hadoop-yarn-server-sharedcachemanager-3.0.0.jar:/usr/local/hadoop/share/hadoop/yarn/hadoop-yarn-server-tests-3.0.0.jar:/usr/local/hadoop/share/hadoop/yarn/hadoop-yarn-api-3.0.0.jar:/usr/local/hadoop/share/hadoop/yarn/hadoop-yarn-server-timeline-pluginstorage-3.0.0.jar:/usr/local/hadoop/share/hadoop/yarn/hadoop-yarn-common-3.0.0.jar:/usr/local/hadoop/share/hadoop/yarn/hadoop-yarn-server-applicationhistoryservice-3.0.0.jar:/usr/local/hadoop/share/hadoop/yarn/hadoop-yarn-client-3.0.0.jar:/usr/local/hadoop/share/hadoop/yarn/hadoop-yarn-registry-3.0.0.jar:/usr/local/hadoop/share/hadoop/yarn/hadoop-yarn-applications-distributedshell-3.0.0.jar:/usr/local/hadoop/share/hadoop/yarn/hadoop-yarn-server-timelineservice-3.0.0.jar:/usr/local/hadoop/share/hadoop/yarn/hadoop-yarn-server-timelineservice-hbase-tests-3.0.0.jar:/usr/local/hadoop/share/hadoop/yarn/hadoop-yarn-server-router-3.0.0.jar:/usr/local/hadoop/share/hadoop/yarn/hadoop-yarn-applications-unmanaged-am-launcher-3.0.0.jar:/usr/local/hadoop/share/hadoop/yarn/hadoop-yarn-server-web-proxy-3.0.0.jar:/usr/local/hadoop/share/hadoop/yarn/hadoop-yarn-server-common-3.0.0.jar:/usr/local/hadoop/share/hadoop/yarn/hadoop-yarn-server-nodemanager-3.0.0.jar:/usr/local/hadoop/share/hadoop/yarn/hadoop-yarn-server-timelineservice-hbase-3.0.0.jar
STARTUP_MSG:   build = https://git-wip-us.apache.org/repos/asf/hadoop.git -r c25427ceca461ee979d30edd7a4b0f50718e6533; compiled by 'andrew' on 2017-12-08T19:16Z
STARTUP_MSG:   java = 1.8.0_151
************************************************************/
2018-03-05 22:20:03,592 INFO org.apache.hadoop.yarn.server.resourcemanager.ResourceManager: registered UNIX signal handlers for [TERM, HUP, INT]
2018-03-05 22:20:03,989 INFO org.apache.hadoop.conf.Configuration: found resource core-site.xml at file:/usr/local/hadoop/etc/hadoop/core-site.xml
2018-03-05 22:20:04,276 INFO org.apache.hadoop.security.Groups: clearing userToGroupsMap cache
2018-03-05 22:20:04,341 INFO org.apache.hadoop.conf.Configuration: resource-types.xml not found
2018-03-05 22:20:04,341 INFO org.apache.hadoop.yarn.util.resource.ResourceUtils: Unable to find 'resource-types.xml'.
2018-03-05 22:20:04,392 INFO org.apache.hadoop.conf.Configuration: found resource yarn-site.xml at file:/usr/local/hadoop/etc/hadoop/yarn-site.xml
2018-03-05 22:20:04,420 INFO org.apache.hadoop.yarn.event.AsyncDispatcher: Registering class org.apache.hadoop.yarn.server.resourcemanager.RMFatalEventType for class org.apache.hadoop.yarn.server.resourcemanager.ResourceManager$RMFatalEventDispatcher
2018-03-05 22:20:04,532 INFO org.apache.hadoop.yarn.server.resourcemanager.security.NMTokenSecretManagerInRM: NMTokenKeyRollingInterval: 86400000ms and NMTokenKeyActivationDelay: 900000ms
2018-03-05 22:20:04,537 INFO org.apache.hadoop.yarn.server.resourcemanager.security.RMContainerTokenSecretManager: ContainerTokenKeyRollingInterval: 86400000ms and ContainerTokenKeyActivationDelay: 900000ms
2018-03-05 22:20:04,544 INFO org.apache.hadoop.yarn.server.resourcemanager.security.AMRMTokenSecretManager: AMRMTokenKeyRollingInterval: 86400000ms and AMRMTokenKeyActivationDelay: 900000 ms
2018-03-05 22:20:04,613 INFO org.apache.hadoop.yarn.event.AsyncDispatcher: Registering class org.apache.hadoop.yarn.server.resourcemanager.recovery.RMStateStoreEventType for class org.apache.hadoop.yarn.server.resourcemanager.recovery.RMStateStore$ForwardingEventHandler
2018-03-05 22:20:04,619 INFO org.apache.hadoop.yarn.event.AsyncDispatcher: Registering class org.apache.hadoop.yarn.server.resourcemanager.NodesListManagerEventType for class org.apache.hadoop.yarn.server.resourcemanager.NodesListManager
2018-03-05 22:20:04,619 INFO org.apache.hadoop.yarn.server.resourcemanager.ResourceManager: Using Scheduler: org.apache.hadoop.yarn.server.resourcemanager.scheduler.capacity.CapacityScheduler
2018-03-05 22:20:04,664 INFO org.apache.hadoop.yarn.event.AsyncDispatcher: Registering class org.apache.hadoop.yarn.server.resourcemanager.scheduler.event.SchedulerEventType for class org.apache.hadoop.yarn.event.EventDispatcher
2018-03-05 22:20:04,666 INFO org.apache.hadoop.yarn.event.AsyncDispatcher: Registering class org.apache.hadoop.yarn.server.resourcemanager.rmapp.RMAppEventType for class org.apache.hadoop.yarn.server.resourcemanager.ResourceManager$ApplicationEventDispatcher
2018-03-05 22:20:04,667 INFO org.apache.hadoop.yarn.event.AsyncDispatcher: Registering class org.apache.hadoop.yarn.server.resourcemanager.rmapp.attempt.RMAppAttemptEventType for class org.apache.hadoop.yarn.server.resourcemanager.ResourceManager$ApplicationAttemptEventDispatcher
2018-03-05 22:20:04,669 INFO org.apache.hadoop.yarn.event.AsyncDispatcher: Registering class org.apache.hadoop.yarn.server.resourcemanager.rmnode.RMNodeEventType for class org.apache.hadoop.yarn.server.resourcemanager.ResourceManager$NodeEventDispatcher
2018-03-05 22:20:04,904 INFO org.apache.commons.beanutils.FluentPropertyBeanIntrospector: Error when creating PropertyDescriptor for public final void org.apache.commons.configuration2.AbstractConfiguration.setProperty(java.lang.String,java.lang.Object)! Ignoring this property.
2018-03-05 22:20:05,121 INFO org.apache.hadoop.metrics2.impl.MetricsConfig: loaded properties from hadoop-metrics2.properties
2018-03-05 22:20:05,291 INFO org.apache.hadoop.metrics2.impl.MetricsSystemImpl: Scheduled Metric snapshot period at 10 second(s).
2018-03-05 22:20:05,291 INFO org.apache.hadoop.metrics2.impl.MetricsSystemImpl: ResourceManager metrics system started
2018-03-05 22:20:05,343 INFO org.apache.hadoop.yarn.security.YarnAuthorizationProvider: org.apache.hadoop.yarn.security.ConfiguredYarnAuthorizer is instantiated.
2018-03-05 22:20:05,360 INFO org.apache.hadoop.yarn.event.AsyncDispatcher: Registering class org.apache.hadoop.yarn.server.resourcemanager.RMAppManagerEventType for class org.apache.hadoop.yarn.server.resourcemanager.RMAppManager
2018-03-05 22:20:05,381 INFO org.apache.hadoop.yarn.event.AsyncDispatcher: Registering class org.apache.hadoop.yarn.server.resourcemanager.amlauncher.AMLauncherEventType for class org.apache.hadoop.yarn.server.resourcemanager.amlauncher.ApplicationMasterLauncher
2018-03-05 22:20:05,400 INFO org.apache.hadoop.yarn.server.resourcemanager.RMNMInfo: Registered RMNMInfo MBean
2018-03-05 22:20:05,401 INFO org.apache.hadoop.yarn.server.resourcemanager.rmapp.monitor.RMAppLifetimeMonitor: Application lifelime monitor interval set to 3000 ms.
2018-03-05 22:20:05,440 INFO org.apache.hadoop.util.HostsFileReader: Refreshing hosts (include/exclude) list
2018-03-05 22:20:05,476 INFO org.apache.hadoop.conf.Configuration: found resource capacity-scheduler.xml at file:/usr/local/hadoop/etc/hadoop/capacity-scheduler.xml
2018-03-05 22:20:05,501 INFO org.apache.hadoop.yarn.server.resourcemanager.scheduler.AbstractYarnScheduler: Minimum allocation = <memory:1024, vCores:1>
2018-03-05 22:20:05,501 INFO org.apache.hadoop.yarn.server.resourcemanager.scheduler.AbstractYarnScheduler: Maximum allocation = <memory:8192, vCores:4>
2018-03-05 22:20:05,597 INFO org.apache.hadoop.yarn.server.resourcemanager.scheduler.capacity.CapacitySchedulerConfiguration: max alloc mb per queue for root is undefined
2018-03-05 22:20:05,597 INFO org.apache.hadoop.yarn.server.resourcemanager.scheduler.capacity.CapacitySchedulerConfiguration: max alloc vcore per queue for root is undefined
2018-03-05 22:20:05,642 INFO org.apache.hadoop.yarn.server.resourcemanager.scheduler.capacity.ParentQueue: root, capacity=1.0, absoluteCapacity=1.0, maxCapacity=1.0, absoluteMaxCapacity=1.0, state=RUNNING, acls=SUBMIT_APP:*ADMINISTER_QUEUE:*, labels=*,
, reservationsContinueLooking=true, orderingPolicy=utilization, priority=0
2018-03-05 22:20:05,642 INFO org.apache.hadoop.yarn.server.resourcemanager.scheduler.capacity.ParentQueue: Initialized parent-queue root name=root, fullname=root
2018-03-05 22:20:05,689 INFO org.apache.hadoop.yarn.server.resourcemanager.scheduler.capacity.CapacitySchedulerConfiguration: max alloc mb per queue for root.default is undefined
2018-03-05 22:20:05,690 INFO org.apache.hadoop.yarn.server.resourcemanager.scheduler.capacity.CapacitySchedulerConfiguration: max alloc vcore per queue for root.default is undefined
2018-03-05 22:20:05,696 INFO org.apache.hadoop.yarn.server.resourcemanager.scheduler.capacity.LeafQueue: Initializing default
capacity = 1.0 [= (float) configuredCapacity / 100 ]
absoluteCapacity = 1.0 [= parentAbsoluteCapacity * capacity ]
maxCapacity = 1.0 [= configuredMaxCapacity ]
absoluteMaxCapacity = 1.0 [= 1.0 maximumCapacity undefined, (parentAbsoluteMaxCapacity * maximumCapacity) / 100 otherwise ]
userLimit = 100 [= configuredUserLimit ]
userLimitFactor = 1.0 [= configuredUserLimitFactor ]
maxApplications = 10000 [= configuredMaximumSystemApplicationsPerQueue or (int)(configuredMaximumSystemApplications * absoluteCapacity)]
maxApplicationsPerUser = 10000 [= (int)(maxApplications * (userLimit / 100.0f) * userLimitFactor) ]
usedCapacity = 0.0 [= usedResourcesMemory / (clusterResourceMemory * absoluteCapacity)]
absoluteUsedCapacity = 0.0 [= usedResourcesMemory / clusterResourceMemory]
maxAMResourcePerQueuePercent = 0.1 [= configuredMaximumAMResourcePercent ]
minimumAllocationFactor = 0.875 [= (float)(maximumAllocationMemory - minimumAllocationMemory) / maximumAllocationMemory ]
maximumAllocation = <memory:8192, vCores:4> [= configuredMaxAllocation ]
numContainers = 0 [= currentNumContainers ]
state = RUNNING [= configuredState ]
acls = SUBMIT_APP:*ADMINISTER_QUEUE:* [= configuredAcls ]
nodeLocalityDelay = 40
rackLocalityAdditionalDelay = -1
labels=*,
reservationsContinueLooking = true
preemptionDisabled = true
defaultAppPriorityPerQueue = 0
priority = 0
maxLifetime = -1 seconds
defaultLifetime = -1 seconds
2018-03-05 22:20:05,696 INFO org.apache.hadoop.yarn.server.resourcemanager.scheduler.capacity.CapacitySchedulerQueueManager: Initialized queue: default: capacity=1.0, absoluteCapacity=1.0, usedResources=<memory:0, vCores:0>, usedCapacity=0.0, absoluteUsedCapacity=0.0, numApps=0, numContainers=0
2018-03-05 22:20:05,698 INFO org.apache.hadoop.yarn.server.resourcemanager.scheduler.capacity.CapacitySchedulerQueueManager: Initialized queue: root: numChildQueue= 1, capacity=1.0, absoluteCapacity=1.0, usedResources=<memory:0, vCores:0>usedCapacity=0.0, numApps=0, numContainers=0
2018-03-05 22:20:05,712 INFO org.apache.hadoop.yarn.server.resourcemanager.scheduler.capacity.CapacitySchedulerQueueManager: Initialized root queue root: numChildQueue= 1, capacity=1.0, absoluteCapacity=1.0, usedResources=<memory:0, vCores:0>usedCapacity=0.0, numApps=0, numContainers=0
2018-03-05 22:20:05,713 INFO org.apache.hadoop.yarn.server.resourcemanager.scheduler.capacity.CapacityScheduler: Initialized queue mappings, override: false
2018-03-05 22:20:05,714 INFO org.apache.hadoop.yarn.server.resourcemanager.scheduler.capacity.CapacityScheduler: Initialized CapacityScheduler with calculator=class org.apache.hadoop.yarn.util.resource.DefaultResourceCalculator, minimumAllocation=<<memory:1024, vCores:1>>, maximumAllocation=<<memory:8192, vCores:4>>, asynchronousScheduling=false, asyncScheduleInterval=5ms
2018-03-05 22:20:05,730 INFO org.apache.hadoop.conf.Configuration: dynamic-resources.xml not found
2018-03-05 22:20:05,743 INFO org.apache.hadoop.yarn.server.resourcemanager.AMSProcessingChain: Initializing AMS Processing chain. Root Processor=[org.apache.hadoop.yarn.server.resourcemanager.DefaultAMSProcessor].
2018-03-05 22:20:05,779 INFO org.apache.hadoop.yarn.server.resourcemanager.ResourceManager: TimelineServicePublisher is not configured
2018-03-05 22:20:05,786 INFO org.apache.hadoop.yarn.server.resourcemanager.ResourceManager: Transitioning to active state
2018-03-05 22:20:05,846 INFO org.apache.hadoop.yarn.server.resourcemanager.recovery.RMStateStore: Updating AMRMToken
2018-03-05 22:20:05,854 INFO org.apache.hadoop.yarn.server.resourcemanager.security.RMContainerTokenSecretManager: Rolling master-key for container-tokens
2018-03-05 22:20:05,854 INFO org.apache.hadoop.yarn.server.resourcemanager.security.NMTokenSecretManagerInRM: Rolling master-key for nm-tokens
2018-03-05 22:20:05,855 INFO org.apache.hadoop.security.token.delegation.AbstractDelegationTokenSecretManager: Updating the current master key for generating delegation tokens
2018-03-05 22:20:05,856 INFO org.apache.hadoop.yarn.server.resourcemanager.security.RMDelegationTokenSecretManager: storing master key with keyID 1
2018-03-05 22:20:05,856 INFO org.apache.hadoop.yarn.server.resourcemanager.recovery.RMStateStore: Storing RMDTMasterKey.
2018-03-05 22:20:05,866 INFO org.apache.hadoop.security.token.delegation.AbstractDelegationTokenSecretManager: Starting expired delegation token remover thread, tokenRemoverScanInterval=60 min(s)
2018-03-05 22:20:05,866 INFO org.apache.hadoop.security.token.delegation.AbstractDelegationTokenSecretManager: Updating the current master key for generating delegation tokens
2018-03-05 22:20:05,866 INFO org.apache.hadoop.yarn.server.resourcemanager.security.RMDelegationTokenSecretManager: storing master key with keyID 2
2018-03-05 22:20:05,866 INFO org.apache.hadoop.yarn.server.resourcemanager.recovery.RMStateStore: Storing RMDTMasterKey.
2018-03-05 22:20:05,881 INFO org.apache.hadoop.yarn.event.AsyncDispatcher: Registering class org.apache.hadoop.yarn.nodelabels.event.NodeLabelsStoreEventType for class org.apache.hadoop.yarn.nodelabels.CommonNodeLabelsManager$ForwardingEventHandler
2018-03-05 22:20:06,079 INFO org.apache.hadoop.ipc.CallQueueManager: Using callQueue: class java.util.concurrent.LinkedBlockingQueue queueCapacity: 5000 scheduler: class org.apache.hadoop.ipc.DefaultRpcScheduler
2018-03-05 22:20:06,151 INFO org.apache.hadoop.ipc.Server: Starting Socket Reader #1 for port 8031
2018-03-05 22:20:06,975 INFO org.apache.hadoop.yarn.factories.impl.pb.RpcServerFactoryPBImpl: Adding protocol org.apache.hadoop.yarn.server.api.ResourceTrackerPB to the server
2018-03-05 22:20:06,982 INFO org.apache.hadoop.ipc.Server: IPC Server Responder: starting
2018-03-05 22:20:07,012 INFO org.apache.hadoop.ipc.Server: IPC Server listener on 8031: starting
2018-03-05 22:20:07,092 INFO org.apache.hadoop.util.JvmPauseMonitor: Starting JVM pause monitor
2018-03-05 22:20:07,116 INFO org.apache.hadoop.ipc.CallQueueManager: Using callQueue: class java.util.concurrent.LinkedBlockingQueue queueCapacity: 5000 scheduler: class org.apache.hadoop.ipc.DefaultRpcScheduler
2018-03-05 22:20:07,182 INFO org.apache.hadoop.ipc.Server: Starting Socket Reader #1 for port 8030
2018-03-05 22:20:07,219 INFO org.apache.hadoop.yarn.factories.impl.pb.RpcServerFactoryPBImpl: Adding protocol org.apache.hadoop.yarn.api.ApplicationMasterProtocolPB to the server
2018-03-05 22:20:07,227 INFO org.apache.hadoop.ipc.Server: IPC Server Responder: starting
2018-03-05 22:20:07,227 INFO org.apache.hadoop.ipc.Server: IPC Server listener on 8030: starting
2018-03-05 22:20:07,583 INFO org.apache.hadoop.ipc.CallQueueManager: Using callQueue: class java.util.concurrent.LinkedBlockingQueue queueCapacity: 5000 scheduler: class org.apache.hadoop.ipc.DefaultRpcScheduler
2018-03-05 22:20:07,584 INFO org.apache.hadoop.ipc.Server: Starting Socket Reader #1 for port 8032
2018-03-05 22:20:07,587 INFO org.apache.hadoop.yarn.factories.impl.pb.RpcServerFactoryPBImpl: Adding protocol org.apache.hadoop.yarn.api.ApplicationClientProtocolPB to the server
2018-03-05 22:20:07,594 INFO org.apache.hadoop.ipc.Server: IPC Server Responder: starting
2018-03-05 22:20:07,595 INFO org.apache.hadoop.ipc.Server: IPC Server listener on 8032: starting
2018-03-05 22:20:07,649 INFO org.apache.hadoop.yarn.server.resourcemanager.ResourceManager: Transitioned to active state
2018-03-05 22:20:08,116 INFO org.eclipse.jetty.util.log: Logging initialized @5397ms
2018-03-05 22:20:08,505 INFO org.apache.hadoop.security.authentication.server.AuthenticationFilter: Unable to initialize FileSignerSecretProvider, falling back to use random secrets.
2018-03-05 22:20:08,532 INFO org.apache.hadoop.http.HttpRequestLog: Http request log for http.requests.resourcemanager is not defined
2018-03-05 22:20:08,584 INFO org.apache.hadoop.http.HttpServer2: Added global filter 'safety' (class=org.apache.hadoop.http.HttpServer2$QuotingInputFilter)
2018-03-05 22:20:08,601 INFO org.apache.hadoop.http.HttpServer2: Added filter RMAuthenticationFilter (class=org.apache.hadoop.yarn.server.security.http.RMAuthenticationFilter) to context cluster
2018-03-05 22:20:08,601 INFO org.apache.hadoop.http.HttpServer2: Added filter RMAuthenticationFilter (class=org.apache.hadoop.yarn.server.security.http.RMAuthenticationFilter) to context logs
2018-03-05 22:20:08,601 INFO org.apache.hadoop.http.HttpServer2: Added filter RMAuthenticationFilter (class=org.apache.hadoop.yarn.server.security.http.RMAuthenticationFilter) to context static
2018-03-05 22:20:08,628 INFO org.apache.hadoop.http.HttpServer2: Added filter static_user_filter (class=org.apache.hadoop.http.lib.StaticUserWebFilter$StaticUserFilter) to context cluster
2018-03-05 22:20:08,629 INFO org.apache.hadoop.http.HttpServer2: Added filter static_user_filter (class=org.apache.hadoop.http.lib.StaticUserWebFilter$StaticUserFilter) to context logs
2018-03-05 22:20:08,629 INFO org.apache.hadoop.http.HttpServer2: Added filter static_user_filter (class=org.apache.hadoop.http.lib.StaticUserWebFilter$StaticUserFilter) to context static
2018-03-05 22:20:08,651 INFO org.apache.hadoop.http.HttpServer2: adding path spec: /cluster/*
2018-03-05 22:20:08,652 INFO org.apache.hadoop.http.HttpServer2: adding path spec: /ws/*
2018-03-05 22:20:11,677 INFO org.apache.hadoop.yarn.webapp.WebApps: Registered webapp guice modules
2018-03-05 22:20:11,723 INFO org.apache.hadoop.http.HttpServer2: Jetty bound to port 8088
2018-03-05 22:20:11,724 INFO org.eclipse.jetty.server.Server: jetty-9.3.19.v20170502
2018-03-05 22:20:11,838 INFO org.apache.hadoop.security.authentication.server.AuthenticationFilter: Unable to initialize FileSignerSecretProvider, falling back to use random secrets.
2018-03-05 22:20:11,861 INFO org.apache.hadoop.security.token.delegation.AbstractDelegationTokenSecretManager: Updating the current master key for generating delegation tokens
2018-03-05 22:20:11,874 INFO org.eclipse.jetty.server.handler.ContextHandler: Started o.e.j.s.ServletContextHandler@5dd91bca{/logs,file:///usr/local/hadoop/logs/,AVAILABLE}
2018-03-05 22:20:11,874 INFO org.apache.hadoop.security.token.delegation.AbstractDelegationTokenSecretManager: Starting expired delegation token remover thread, tokenRemoverScanInterval=60 min(s)
2018-03-05 22:20:11,878 INFO org.eclipse.jetty.server.handler.ContextHandler: Started o.e.j.s.ServletContextHandler@75f65e45{/static,jar:file:/usr/local/hadoop/share/hadoop/yarn/hadoop-yarn-common-3.0.0.jar!/webapps/static,AVAILABLE}
2018-03-05 22:20:11,956 INFO org.apache.hadoop.security.token.delegation.AbstractDelegationTokenSecretManager: Updating the current master key for generating delegation tokens
2018-03-05 22:20:18,428 INFO org.eclipse.jetty.server.handler.ContextHandler: Started o.e.j.w.WebAppContext@636bbbbb{/,file:///tmp/jetty-0.0.0.0-8088-cluster-_-any-2170609691415357206.dir/webapp/,AVAILABLE}{/cluster}
2018-03-05 22:20:18,492 INFO org.eclipse.jetty.server.AbstractConnector: Started ServerConnector@573b0a62{HTTP/1.1,[http/1.1]}{0.0.0.0:8088}
2018-03-05 22:20:18,492 INFO org.eclipse.jetty.server.Server: Started @15775ms
2018-03-05 22:20:18,495 INFO org.apache.hadoop.yarn.webapp.WebApps: Web app cluster started at 8088
2018-03-05 22:20:18,943 INFO org.apache.hadoop.ipc.CallQueueManager: Using callQueue: class java.util.concurrent.LinkedBlockingQueue queueCapacity: 100 scheduler: class org.apache.hadoop.ipc.DefaultRpcScheduler
2018-03-05 22:20:18,954 INFO org.apache.hadoop.ipc.Server: Starting Socket Reader #1 for port 8033
2018-03-05 22:20:18,978 INFO org.apache.hadoop.yarn.factories.impl.pb.RpcServerFactoryPBImpl: Adding protocol org.apache.hadoop.yarn.server.api.ResourceManagerAdministrationProtocolPB to the server
2018-03-05 22:20:18,991 INFO org.apache.hadoop.ipc.Server: IPC Server Responder: starting
2018-03-05 22:20:18,994 INFO org.apache.hadoop.ipc.Server: IPC Server listener on 8033: starting
2018-03-05 22:20:19,578 INFO org.apache.hadoop.yarn.server.resourcemanager.rmnode.RMNodeImpl: jg-VirtualBox:45489 Node Transitioned from NEW to RUNNING
2018-03-05 22:20:19,581 INFO org.apache.hadoop.yarn.server.resourcemanager.ResourceTrackerService: NodeManager from node jg-VirtualBox(cmPort: 45489 httpPort: 8042) registered with capability: <memory:8192, vCores:8>, assigned nodeId jg-VirtualBox:45489
2018-03-05 22:20:19,592 INFO org.apache.hadoop.yarn.server.resourcemanager.scheduler.capacity.CapacityScheduler: Added node jg-VirtualBox:45489 clusterResource: <memory:8192, vCores:8>
2018-03-05 22:30:05,474 INFO org.apache.hadoop.yarn.server.resourcemanager.scheduler.AbstractYarnScheduler: Release request cache is cleaned up
2018-03-05 23:05:51,361 INFO org.apache.hadoop.util.JvmPauseMonitor: Detected pause in JVM or host machine (eg GC): pause of approximately 1332ms
No GCs detected
2018-03-05 23:42:19,230 INFO org.apache.hadoop.yarn.server.resourcemanager.ResourceTrackerService: Node with node id : jg-VirtualBox:45489 has shutdown, hence unregistering the node.
2018-03-05 23:42:19,234 INFO org.apache.hadoop.yarn.server.resourcemanager.rmnode.RMNodeImpl: Deactivating Node jg-VirtualBox:45489 as it is now SHUTDOWN
2018-03-05 23:42:19,234 INFO org.apache.hadoop.yarn.server.resourcemanager.rmnode.RMNodeImpl: jg-VirtualBox:45489 Node Transitioned from RUNNING to SHUTDOWN
2018-03-05 23:42:19,241 INFO org.apache.hadoop.yarn.server.resourcemanager.scheduler.capacity.CapacityScheduler: Removed node jg-VirtualBox:45489 clusterResource: <memory:0, vCores:0>
2018-03-05 23:42:25,723 ERROR org.apache.hadoop.yarn.server.resourcemanager.ResourceManager: RECEIVED SIGNAL 15: SIGTERM
2018-03-05 23:42:25,735 ERROR org.apache.hadoop.security.token.delegation.AbstractDelegationTokenSecretManager: ExpiredTokenRemover received java.lang.InterruptedException: sleep interrupted
2018-03-05 23:42:25,760 INFO org.eclipse.jetty.server.handler.ContextHandler: Stopped o.e.j.w.WebAppContext@636bbbbb{/,null,UNAVAILABLE}{/cluster}
2018-03-05 23:42:25,772 INFO org.eclipse.jetty.server.AbstractConnector: Stopped ServerConnector@573b0a62{HTTP/1.1,[http/1.1]}{0.0.0.0:8088}
2018-03-05 23:42:25,773 INFO org.eclipse.jetty.server.handler.ContextHandler: Stopped o.e.j.s.ServletContextHandler@75f65e45{/static,jar:file:/usr/local/hadoop/share/hadoop/yarn/hadoop-yarn-common-3.0.0.jar!/webapps/static,UNAVAILABLE}
2018-03-05 23:42:25,775 INFO org.eclipse.jetty.server.handler.ContextHandler: Stopped o.e.j.s.ServletContextHandler@5dd91bca{/logs,file:///usr/local/hadoop/logs/,UNAVAILABLE}
2018-03-05 23:42:25,789 INFO org.apache.hadoop.ipc.Server: Stopping server on 8032
2018-03-05 23:42:25,805 INFO org.apache.hadoop.ipc.Server: Stopping IPC Server listener on 8032
2018-03-05 23:42:25,807 INFO org.apache.hadoop.ipc.Server: Stopping IPC Server Responder
2018-03-05 23:42:25,812 INFO org.apache.hadoop.ipc.Server: Stopping server on 8033
2018-03-05 23:42:25,813 INFO org.apache.hadoop.ipc.Server: Stopping IPC Server listener on 8033
2018-03-05 23:42:25,814 INFO org.apache.hadoop.ipc.Server: Stopping IPC Server Responder
2018-03-05 23:42:25,815 INFO org.apache.hadoop.yarn.server.resourcemanager.ResourceManager: Transitioning to standby state
2018-03-05 23:42:25,815 WARN org.apache.hadoop.yarn.server.resourcemanager.amlauncher.ApplicationMasterLauncher: org.apache.hadoop.yarn.server.resourcemanager.amlauncher.ApplicationMasterLauncher$LauncherThread interrupted. Returning.
2018-03-05 23:42:25,819 INFO org.apache.hadoop.ipc.Server: Stopping server on 8030
2018-03-05 23:42:25,842 INFO org.apache.hadoop.ipc.Server: Stopping IPC Server listener on 8030
2018-03-05 23:42:25,843 INFO org.apache.hadoop.ipc.Server: Stopping IPC Server Responder
2018-03-05 23:42:25,844 INFO org.apache.hadoop.ipc.Server: Stopping server on 8031
2018-03-05 23:42:25,848 INFO org.apache.hadoop.ipc.Server: Stopping IPC Server listener on 8031
2018-03-05 23:42:25,854 INFO org.apache.hadoop.yarn.util.AbstractLivelinessMonitor: NMLivelinessMonitor thread interrupted
2018-03-05 23:42:25,854 ERROR org.apache.hadoop.yarn.event.EventDispatcher: Returning, interrupted : java.lang.InterruptedException
2018-03-05 23:42:25,857 INFO org.apache.hadoop.yarn.event.AsyncDispatcher: AsyncDispatcher is draining to stop, ignoring any new events.
2018-03-05 23:42:25,860 INFO org.apache.hadoop.ipc.Server: Stopping IPC Server Responder
2018-03-05 23:42:25,860 INFO org.apache.hadoop.yarn.util.AbstractLivelinessMonitor: org.apache.hadoop.yarn.server.resourcemanager.rmapp.monitor.RMAppLifetimeMonitor thread interrupted
2018-03-05 23:42:25,861 INFO org.apache.hadoop.yarn.util.AbstractLivelinessMonitor: AMLivelinessMonitor thread interrupted
2018-03-05 23:42:25,861 INFO org.apache.hadoop.yarn.util.AbstractLivelinessMonitor: AMLivelinessMonitor thread interrupted
2018-03-05 23:42:25,861 ERROR org.apache.hadoop.security.token.delegation.AbstractDelegationTokenSecretManager: ExpiredTokenRemover received java.lang.InterruptedException: sleep interrupted
2018-03-05 23:42:25,861 INFO org.apache.hadoop.yarn.util.AbstractLivelinessMonitor: org.apache.hadoop.yarn.server.resourcemanager.rmcontainer.ContainerAllocationExpirer thread interrupted
2018-03-05 23:42:25,862 INFO org.apache.hadoop.metrics2.impl.MetricsSystemImpl: Stopping ResourceManager metrics system...
2018-03-05 23:42:25,867 INFO org.apache.hadoop.metrics2.impl.MetricsSystemImpl: ResourceManager metrics system stopped.
2018-03-05 23:42:25,870 INFO org.apache.hadoop.metrics2.impl.MetricsSystemImpl: ResourceManager metrics system shutdown complete.
2018-03-05 23:42:25,870 INFO org.apache.hadoop.yarn.event.AsyncDispatcher: AsyncDispatcher is draining to stop, ignoring any new events.
2018-03-05 23:42:25,870 INFO org.apache.hadoop.yarn.server.resourcemanager.ResourceManager: Transitioned to standby state
2018-03-05 23:42:25,871 INFO org.apache.hadoop.yarn.server.resourcemanager.ResourceManager: SHUTDOWN_MSG: 
/************************************************************
SHUTDOWN_MSG: Shutting down ResourceManager at jg-VirtualBox/127.0.1.1
************************************************************/
