2018-03-05 22:20:07,126 INFO org.apache.hadoop.yarn.server.nodemanager.NodeManager: STARTUP_MSG: 
/************************************************************
STARTUP_MSG: Starting NodeManager
STARTUP_MSG:   host = jg-VirtualBox/127.0.1.1
STARTUP_MSG:   args = []
STARTUP_MSG:   version = 3.0.0
STARTUP_MSG:   classpath = /usr/local/hadoop/etc/hadoop:/usr/local/hadoop/share/hadoop/common/lib/jetty-webapp-9.3.19.v20170502.jar:/usr/local/hadoop/share/hadoop/common/lib/jetty-security-9.3.19.v20170502.jar:/usr/local/hadoop/share/hadoop/common/lib/commons-logging-1.1.3.jar:/usr/local/hadoop/share/hadoop/common/lib/snappy-java-1.0.5.jar:/usr/local/hadoop/share/hadoop/common/lib/jul-to-slf4j-1.7.25.jar:/usr/local/hadoop/share/hadoop/common/lib/xz-1.0.jar:/usr/local/hadoop/share/hadoop/common/lib/junit-4.11.jar:/usr/local/hadoop/share/hadoop/common/lib/kerby-xdr-1.0.1.jar:/usr/local/hadoop/share/hadoop/common/lib/commons-math3-3.1.1.jar:/usr/local/hadoop/share/hadoop/common/lib/token-provider-1.0.1.jar:/usr/local/hadoop/share/hadoop/common/lib/httpclient-4.5.2.jar:/usr/local/hadoop/share/hadoop/common/lib/kerb-admin-1.0.1.jar:/usr/local/hadoop/share/hadoop/common/lib/curator-recipes-2.12.0.jar:/usr/local/hadoop/share/hadoop/common/lib/jackson-databind-2.7.8.jar:/usr/local/hadoop/share/hadoop/common/lib/commons-cli-1.2.jar:/usr/local/hadoop/share/hadoop/common/lib/jetty-server-9.3.19.v20170502.jar:/usr/local/hadoop/share/hadoop/common/lib/jersey-json-1.19.jar:/usr/local/hadoop/share/hadoop/common/lib/curator-client-2.12.0.jar:/usr/local/hadoop/share/hadoop/common/lib/kerb-server-1.0.1.jar:/usr/local/hadoop/share/hadoop/common/lib/avro-1.7.7.jar:/usr/local/hadoop/share/hadoop/common/lib/commons-lang-2.6.jar:/usr/local/hadoop/share/hadoop/common/lib/zookeeper-3.4.9.jar:/usr/local/hadoop/share/hadoop/common/lib/commons-lang3-3.4.jar:/usr/local/hadoop/share/hadoop/common/lib/commons-beanutils-1.9.3.jar:/usr/local/hadoop/share/hadoop/common/lib/kerb-client-1.0.1.jar:/usr/local/hadoop/share/hadoop/common/lib/kerb-util-1.0.1.jar:/usr/local/hadoop/share/hadoop/common/lib/jackson-core-asl-1.9.13.jar:/usr/local/hadoop/share/hadoop/common/lib/jetty-util-9.3.19.v20170502.jar:/usr/local/hadoop/share/hadoop/common/lib/hadoop-auth-3.0.0.jar:/usr/local/hadoop/share/hadoop/common/lib/jetty-http-9.3.19.v20170502.jar:/usr/local/hadoop/share/hadoop/common/lib/slf4j-log4j12-1.7.25.jar:/usr/local/hadoop/share/hadoop/common/lib/jersey-core-1.19.jar:/usr/local/hadoop/share/hadoop/common/lib/jackson-core-2.7.8.jar:/usr/local/hadoop/share/hadoop/common/lib/jsr311-api-1.1.1.jar:/usr/local/hadoop/share/hadoop/common/lib/re2j-1.1.jar:/usr/local/hadoop/share/hadoop/common/lib/htrace-core4-4.1.0-incubating.jar:/usr/local/hadoop/share/hadoop/common/lib/commons-collections-3.2.2.jar:/usr/local/hadoop/share/hadoop/common/lib/jaxb-impl-2.2.3-1.jar:/usr/local/hadoop/share/hadoop/common/lib/curator-framework-2.12.0.jar:/usr/local/hadoop/share/hadoop/common/lib/commons-configuration2-2.1.1.jar:/usr/local/hadoop/share/hadoop/common/lib/nimbus-jose-jwt-4.41.1.jar:/usr/local/hadoop/share/hadoop/common/lib/jetty-xml-9.3.19.v20170502.jar:/usr/local/hadoop/share/hadoop/common/lib/jackson-mapper-asl-1.9.13.jar:/usr/local/hadoop/share/hadoop/common/lib/kerb-simplekdc-1.0.1.jar:/usr/local/hadoop/share/hadoop/common/lib/hamcrest-core-1.3.jar:/usr/local/hadoop/share/hadoop/common/lib/kerby-asn1-1.0.1.jar:/usr/local/hadoop/share/hadoop/common/lib/javax.servlet-api-3.1.0.jar:/usr/local/hadoop/share/hadoop/common/lib/commons-net-3.1.jar:/usr/local/hadoop/share/hadoop/common/lib/json-smart-2.3.jar:/usr/local/hadoop/share/hadoop/common/lib/kerb-crypto-1.0.1.jar:/usr/local/hadoop/share/hadoop/common/lib/jetty-servlet-9.3.19.v20170502.jar:/usr/local/hadoop/share/hadoop/common/lib/commons-io-2.4.jar:/usr/local/hadoop/share/hadoop/common/lib/jcip-annotations-1.0-1.jar:/usr/local/hadoop/share/hadoop/common/lib/kerb-common-1.0.1.jar:/usr/local/hadoop/share/hadoop/common/lib/commons-compress-1.4.1.jar:/usr/local/hadoop/share/hadoop/common/lib/jersey-server-1.19.jar:/usr/local/hadoop/share/hadoop/common/lib/jackson-annotations-2.7.8.jar:/usr/local/hadoop/share/hadoop/common/lib/jackson-xc-1.9.13.jar:/usr/local/hadoop/share/hadoop/common/lib/log4j-1.2.17.jar:/usr/local/hadoop/share/hadoop/common/lib/httpcore-4.4.4.jar:/usr/local/hadoop/share/hadoop/common/lib/jaxb-api-2.2.11.jar:/usr/local/hadoop/share/hadoop/common/lib/metrics-core-3.0.1.jar:/usr/local/hadoop/share/hadoop/common/lib/accessors-smart-1.2.jar:/usr/local/hadoop/share/hadoop/common/lib/jersey-servlet-1.19.jar:/usr/local/hadoop/share/hadoop/common/lib/netty-3.10.5.Final.jar:/usr/local/hadoop/share/hadoop/common/lib/kerb-core-1.0.1.jar:/usr/local/hadoop/share/hadoop/common/lib/jsp-api-2.1.jar:/usr/local/hadoop/share/hadoop/common/lib/kerby-util-1.0.1.jar:/usr/local/hadoop/share/hadoop/common/lib/jsr305-3.0.0.jar:/usr/local/hadoop/share/hadoop/common/lib/jettison-1.1.jar:/usr/local/hadoop/share/hadoop/common/lib/commons-codec-1.4.jar:/usr/local/hadoop/share/hadoop/common/lib/jetty-io-9.3.19.v20170502.jar:/usr/local/hadoop/share/hadoop/common/lib/gson-2.2.4.jar:/usr/local/hadoop/share/hadoop/common/lib/kerby-pkix-1.0.1.jar:/usr/local/hadoop/share/hadoop/common/lib/guava-11.0.2.jar:/usr/local/hadoop/share/hadoop/common/lib/hadoop-annotations-3.0.0.jar:/usr/local/hadoop/share/hadoop/common/lib/stax2-api-3.1.4.jar:/usr/local/hadoop/share/hadoop/common/lib/kerby-config-1.0.1.jar:/usr/local/hadoop/share/hadoop/common/lib/slf4j-api-1.7.25.jar:/usr/local/hadoop/share/hadoop/common/lib/protobuf-java-2.5.0.jar:/usr/local/hadoop/share/hadoop/common/lib/jsch-0.1.54.jar:/usr/local/hadoop/share/hadoop/common/lib/mockito-all-1.8.5.jar:/usr/local/hadoop/share/hadoop/common/lib/woodstox-core-5.0.3.jar:/usr/local/hadoop/share/hadoop/common/lib/jackson-jaxrs-1.9.13.jar:/usr/local/hadoop/share/hadoop/common/lib/asm-5.0.4.jar:/usr/local/hadoop/share/hadoop/common/lib/kerb-identity-1.0.1.jar:/usr/local/hadoop/share/hadoop/common/lib/paranamer-2.3.jar:/usr/local/hadoop/share/hadoop/common/hadoop-nfs-3.0.0.jar:/usr/local/hadoop/share/hadoop/common/hadoop-common-3.0.0-tests.jar:/usr/local/hadoop/share/hadoop/common/hadoop-common-3.0.0.jar:/usr/local/hadoop/share/hadoop/common/hadoop-kms-3.0.0.jar:/usr/local/hadoop/share/hadoop/hdfs:/usr/local/hadoop/share/hadoop/hdfs/lib/jetty-webapp-9.3.19.v20170502.jar:/usr/local/hadoop/share/hadoop/hdfs/lib/jetty-security-9.3.19.v20170502.jar:/usr/local/hadoop/share/hadoop/hdfs/lib/commons-logging-1.1.3.jar:/usr/local/hadoop/share/hadoop/hdfs/lib/snappy-java-1.0.5.jar:/usr/local/hadoop/share/hadoop/hdfs/lib/xz-1.0.jar:/usr/local/hadoop/share/hadoop/hdfs/lib/kerby-xdr-1.0.1.jar:/usr/local/hadoop/share/hadoop/hdfs/lib/commons-math3-3.1.1.jar:/usr/local/hadoop/share/hadoop/hdfs/lib/token-provider-1.0.1.jar:/usr/local/hadoop/share/hadoop/hdfs/lib/httpclient-4.5.2.jar:/usr/local/hadoop/share/hadoop/hdfs/lib/kerb-admin-1.0.1.jar:/usr/local/hadoop/share/hadoop/hdfs/lib/curator-recipes-2.12.0.jar:/usr/local/hadoop/share/hadoop/hdfs/lib/jackson-databind-2.7.8.jar:/usr/local/hadoop/share/hadoop/hdfs/lib/commons-cli-1.2.jar:/usr/local/hadoop/share/hadoop/hdfs/lib/jetty-server-9.3.19.v20170502.jar:/usr/local/hadoop/share/hadoop/hdfs/lib/jersey-json-1.19.jar:/usr/local/hadoop/share/hadoop/hdfs/lib/curator-client-2.12.0.jar:/usr/local/hadoop/share/hadoop/hdfs/lib/kerb-server-1.0.1.jar:/usr/local/hadoop/share/hadoop/hdfs/lib/netty-all-4.0.23.Final.jar:/usr/local/hadoop/share/hadoop/hdfs/lib/avro-1.7.7.jar:/usr/local/hadoop/share/hadoop/hdfs/lib/commons-lang-2.6.jar:/usr/local/hadoop/share/hadoop/hdfs/lib/zookeeper-3.4.9.jar:/usr/local/hadoop/share/hadoop/hdfs/lib/commons-lang3-3.4.jar:/usr/local/hadoop/share/hadoop/hdfs/lib/commons-beanutils-1.9.3.jar:/usr/local/hadoop/share/hadoop/hdfs/lib/kerb-client-1.0.1.jar:/usr/local/hadoop/share/hadoop/hdfs/lib/kerb-util-1.0.1.jar:/usr/local/hadoop/share/hadoop/hdfs/lib/jackson-core-asl-1.9.13.jar:/usr/local/hadoop/share/hadoop/hdfs/lib/jetty-util-9.3.19.v20170502.jar:/usr/local/hadoop/share/hadoop/hdfs/lib/hadoop-auth-3.0.0.jar:/usr/local/hadoop/share/hadoop/hdfs/lib/jetty-http-9.3.19.v20170502.jar:/usr/local/hadoop/share/hadoop/hdfs/lib/jersey-core-1.19.jar:/usr/local/hadoop/share/hadoop/hdfs/lib/jackson-core-2.7.8.jar:/usr/local/hadoop/share/hadoop/hdfs/lib/jsr311-api-1.1.1.jar:/usr/local/hadoop/share/hadoop/hdfs/lib/re2j-1.1.jar:/usr/local/hadoop/share/hadoop/hdfs/lib/htrace-core4-4.1.0-incubating.jar:/usr/local/hadoop/share/hadoop/hdfs/lib/commons-collections-3.2.2.jar:/usr/local/hadoop/share/hadoop/hdfs/lib/jaxb-impl-2.2.3-1.jar:/usr/local/hadoop/share/hadoop/hdfs/lib/curator-framework-2.12.0.jar:/usr/local/hadoop/share/hadoop/hdfs/lib/commons-configuration2-2.1.1.jar:/usr/local/hadoop/share/hadoop/hdfs/lib/nimbus-jose-jwt-4.41.1.jar:/usr/local/hadoop/share/hadoop/hdfs/lib/jetty-xml-9.3.19.v20170502.jar:/usr/local/hadoop/share/hadoop/hdfs/lib/jackson-mapper-asl-1.9.13.jar:/usr/local/hadoop/share/hadoop/hdfs/lib/kerb-simplekdc-1.0.1.jar:/usr/local/hadoop/share/hadoop/hdfs/lib/kerby-asn1-1.0.1.jar:/usr/local/hadoop/share/hadoop/hdfs/lib/javax.servlet-api-3.1.0.jar:/usr/local/hadoop/share/hadoop/hdfs/lib/commons-net-3.1.jar:/usr/local/hadoop/share/hadoop/hdfs/lib/json-smart-2.3.jar:/usr/local/hadoop/share/hadoop/hdfs/lib/leveldbjni-all-1.8.jar:/usr/local/hadoop/share/hadoop/hdfs/lib/kerb-crypto-1.0.1.jar:/usr/local/hadoop/share/hadoop/hdfs/lib/jetty-servlet-9.3.19.v20170502.jar:/usr/local/hadoop/share/hadoop/hdfs/lib/commons-io-2.4.jar:/usr/local/hadoop/share/hadoop/hdfs/lib/jcip-annotations-1.0-1.jar:/usr/local/hadoop/share/hadoop/hdfs/lib/kerb-common-1.0.1.jar:/usr/local/hadoop/share/hadoop/hdfs/lib/commons-compress-1.4.1.jar:/usr/local/hadoop/share/hadoop/hdfs/lib/jersey-server-1.19.jar:/usr/local/hadoop/share/hadoop/hdfs/lib/jackson-annotations-2.7.8.jar:/usr/local/hadoop/share/hadoop/hdfs/lib/jackson-xc-1.9.13.jar:/usr/local/hadoop/share/hadoop/hdfs/lib/log4j-1.2.17.jar:/usr/local/hadoop/share/hadoop/hdfs/lib/httpcore-4.4.4.jar:/usr/local/hadoop/share/hadoop/hdfs/lib/jaxb-api-2.2.11.jar:/usr/local/hadoop/share/hadoop/hdfs/lib/accessors-smart-1.2.jar:/usr/local/hadoop/share/hadoop/hdfs/lib/jetty-util-ajax-9.3.19.v20170502.jar:/usr/local/hadoop/share/hadoop/hdfs/lib/jersey-servlet-1.19.jar:/usr/local/hadoop/share/hadoop/hdfs/lib/netty-3.10.5.Final.jar:/usr/local/hadoop/share/hadoop/hdfs/lib/kerb-core-1.0.1.jar:/usr/local/hadoop/share/hadoop/hdfs/lib/okhttp-2.4.0.jar:/usr/local/hadoop/share/hadoop/hdfs/lib/kerby-util-1.0.1.jar:/usr/local/hadoop/share/hadoop/hdfs/lib/jsr305-3.0.0.jar:/usr/local/hadoop/share/hadoop/hdfs/lib/jettison-1.1.jar:/usr/local/hadoop/share/hadoop/hdfs/lib/commons-daemon-1.0.13.jar:/usr/local/hadoop/share/hadoop/hdfs/lib/commons-codec-1.4.jar:/usr/local/hadoop/share/hadoop/hdfs/lib/jetty-io-9.3.19.v20170502.jar:/usr/local/hadoop/share/hadoop/hdfs/lib/gson-2.2.4.jar:/usr/local/hadoop/share/hadoop/hdfs/lib/kerby-pkix-1.0.1.jar:/usr/local/hadoop/share/hadoop/hdfs/lib/guava-11.0.2.jar:/usr/local/hadoop/share/hadoop/hdfs/lib/okio-1.4.0.jar:/usr/local/hadoop/share/hadoop/hdfs/lib/hadoop-annotations-3.0.0.jar:/usr/local/hadoop/share/hadoop/hdfs/lib/stax2-api-3.1.4.jar:/usr/local/hadoop/share/hadoop/hdfs/lib/json-simple-1.1.1.jar:/usr/local/hadoop/share/hadoop/hdfs/lib/kerby-config-1.0.1.jar:/usr/local/hadoop/share/hadoop/hdfs/lib/protobuf-java-2.5.0.jar:/usr/local/hadoop/share/hadoop/hdfs/lib/jsch-0.1.54.jar:/usr/local/hadoop/share/hadoop/hdfs/lib/woodstox-core-5.0.3.jar:/usr/local/hadoop/share/hadoop/hdfs/lib/jackson-jaxrs-1.9.13.jar:/usr/local/hadoop/share/hadoop/hdfs/lib/asm-5.0.4.jar:/usr/local/hadoop/share/hadoop/hdfs/lib/kerb-identity-1.0.1.jar:/usr/local/hadoop/share/hadoop/hdfs/lib/paranamer-2.3.jar:/usr/local/hadoop/share/hadoop/hdfs/hadoop-hdfs-nfs-3.0.0.jar:/usr/local/hadoop/share/hadoop/hdfs/hadoop-hdfs-3.0.0-tests.jar:/usr/local/hadoop/share/hadoop/hdfs/hadoop-hdfs-httpfs-3.0.0.jar:/usr/local/hadoop/share/hadoop/hdfs/hadoop-hdfs-native-client-3.0.0-tests.jar:/usr/local/hadoop/share/hadoop/hdfs/hadoop-hdfs-client-3.0.0-tests.jar:/usr/local/hadoop/share/hadoop/hdfs/hadoop-hdfs-native-client-3.0.0.jar:/usr/local/hadoop/share/hadoop/hdfs/hadoop-hdfs-3.0.0.jar:/usr/local/hadoop/share/hadoop/hdfs/hadoop-hdfs-client-3.0.0.jar:/usr/local/hadoop/share/hadoop/mapreduce/hadoop-mapreduce-client-nativetask-3.0.0.jar:/usr/local/hadoop/share/hadoop/mapreduce/hadoop-mapreduce-client-shuffle-3.0.0.jar:/usr/local/hadoop/share/hadoop/mapreduce/hadoop-mapreduce-client-jobclient-3.0.0.jar:/usr/local/hadoop/share/hadoop/mapreduce/hadoop-mapreduce-client-core-3.0.0.jar:/usr/local/hadoop/share/hadoop/mapreduce/hadoop-mapreduce-client-hs-3.0.0.jar:/usr/local/hadoop/share/hadoop/mapreduce/hadoop-mapreduce-client-hs-plugins-3.0.0.jar:/usr/local/hadoop/share/hadoop/mapreduce/hadoop-mapreduce-client-common-3.0.0.jar:/usr/local/hadoop/share/hadoop/mapreduce/hadoop-mapreduce-client-app-3.0.0.jar:/usr/local/hadoop/share/hadoop/mapreduce/hadoop-mapreduce-examples-3.0.0.jar:/usr/local/hadoop/share/hadoop/mapreduce/hadoop-mapreduce-client-jobclient-3.0.0-tests.jar:/usr/local/hadoop/share/hadoop/yarn:/usr/local/hadoop/share/hadoop/yarn/lib/servlet-api-2.5-6.1.14.jar:/usr/local/hadoop/share/hadoop/yarn/lib/hbase-hadoop-compat-1.2.6.jar:/usr/local/hadoop/share/hadoop/yarn/lib/hbase-prefix-tree-1.2.6.jar:/usr/local/hadoop/share/hadoop/yarn/lib/hbase-common-1.2.6.jar:/usr/local/hadoop/share/hadoop/yarn/lib/jackson-jaxrs-base-2.7.8.jar:/usr/local/hadoop/share/hadoop/yarn/lib/findbugs-annotations-1.3.9-1.jar:/usr/local/hadoop/share/hadoop/yarn/lib/ehcache-3.3.1.jar:/usr/local/hadoop/share/hadoop/yarn/lib/jersey-guice-1.19.jar:/usr/local/hadoop/share/hadoop/yarn/lib/jackson-jaxrs-json-provider-2.7.8.jar:/usr/local/hadoop/share/hadoop/yarn/lib/hbase-procedure-1.2.6.jar:/usr/local/hadoop/share/hadoop/yarn/lib/guice-4.0.jar:/usr/local/hadoop/share/hadoop/yarn/lib/mssql-jdbc-6.2.1.jre7.jar:/usr/local/hadoop/share/hadoop/yarn/lib/jasper-compiler-5.5.23.jar:/usr/local/hadoop/share/hadoop/yarn/lib/jsp-api-2.1-6.1.14.jar:/usr/local/hadoop/share/hadoop/yarn/lib/metrics-core-2.2.0.jar:/usr/local/hadoop/share/hadoop/yarn/lib/java-util-1.9.0.jar:/usr/local/hadoop/share/hadoop/yarn/lib/hbase-hadoop2-compat-1.2.6.jar:/usr/local/hadoop/share/hadoop/yarn/lib/hbase-annotations-1.2.6.jar:/usr/local/hadoop/share/hadoop/yarn/lib/HikariCP-java7-2.4.12.jar:/usr/local/hadoop/share/hadoop/yarn/lib/htrace-core-3.1.0-incubating.jar:/usr/local/hadoop/share/hadoop/yarn/lib/hbase-server-1.2.6.jar:/usr/local/hadoop/share/hadoop/yarn/lib/jasper-runtime-5.5.23.jar:/usr/local/hadoop/share/hadoop/yarn/lib/joni-2.1.2.jar:/usr/local/hadoop/share/hadoop/yarn/lib/fst-2.50.jar:/usr/local/hadoop/share/hadoop/yarn/lib/javax.inject-1.jar:/usr/local/hadoop/share/hadoop/yarn/lib/guice-servlet-4.0.jar:/usr/local/hadoop/share/hadoop/yarn/lib/jackson-module-jaxb-annotations-2.7.8.jar:/usr/local/hadoop/share/hadoop/yarn/lib/commons-csv-1.0.jar:/usr/local/hadoop/share/hadoop/yarn/lib/hbase-client-1.2.6.jar:/usr/local/hadoop/share/hadoop/yarn/lib/commons-el-1.0.jar:/usr/local/hadoop/share/hadoop/yarn/lib/metrics-core-3.0.1.jar:/usr/local/hadoop/share/hadoop/yarn/lib/jsp-2.1-6.1.14.jar:/usr/local/hadoop/share/hadoop/yarn/lib/aopalliance-1.0.jar:/usr/local/hadoop/share/hadoop/yarn/lib/jcodings-1.0.8.jar:/usr/local/hadoop/share/hadoop/yarn/lib/hbase-protocol-1.2.6.jar:/usr/local/hadoop/share/hadoop/yarn/lib/commons-httpclient-3.1.jar:/usr/local/hadoop/share/hadoop/yarn/lib/geronimo-jcache_1.0_spec-1.0-alpha-1.jar:/usr/local/hadoop/share/hadoop/yarn/lib/jersey-client-1.19.jar:/usr/local/hadoop/share/hadoop/yarn/lib/disruptor-3.3.0.jar:/usr/local/hadoop/share/hadoop/yarn/lib/json-io-2.5.1.jar:/usr/local/hadoop/share/hadoop/yarn/lib/jamon-runtime-2.4.1.jar:/usr/local/hadoop/share/hadoop/yarn/lib/commons-math-2.2.jar:/usr/local/hadoop/share/hadoop/yarn/hadoop-yarn-server-resourcemanager-3.0.0.jar:/usr/local/hadoop/share/hadoop/yarn/hadoop-yarn-server-sharedcachemanager-3.0.0.jar:/usr/local/hadoop/share/hadoop/yarn/hadoop-yarn-server-tests-3.0.0.jar:/usr/local/hadoop/share/hadoop/yarn/hadoop-yarn-api-3.0.0.jar:/usr/local/hadoop/share/hadoop/yarn/hadoop-yarn-server-timeline-pluginstorage-3.0.0.jar:/usr/local/hadoop/share/hadoop/yarn/hadoop-yarn-common-3.0.0.jar:/usr/local/hadoop/share/hadoop/yarn/hadoop-yarn-server-applicationhistoryservice-3.0.0.jar:/usr/local/hadoop/share/hadoop/yarn/hadoop-yarn-client-3.0.0.jar:/usr/local/hadoop/share/hadoop/yarn/hadoop-yarn-registry-3.0.0.jar:/usr/local/hadoop/share/hadoop/yarn/hadoop-yarn-applications-distributedshell-3.0.0.jar:/usr/local/hadoop/share/hadoop/yarn/hadoop-yarn-server-timelineservice-3.0.0.jar:/usr/local/hadoop/share/hadoop/yarn/hadoop-yarn-server-timelineservice-hbase-tests-3.0.0.jar:/usr/local/hadoop/share/hadoop/yarn/hadoop-yarn-server-router-3.0.0.jar:/usr/local/hadoop/share/hadoop/yarn/hadoop-yarn-applications-unmanaged-am-launcher-3.0.0.jar:/usr/local/hadoop/share/hadoop/yarn/hadoop-yarn-server-web-proxy-3.0.0.jar:/usr/local/hadoop/share/hadoop/yarn/hadoop-yarn-server-common-3.0.0.jar:/usr/local/hadoop/share/hadoop/yarn/hadoop-yarn-server-nodemanager-3.0.0.jar:/usr/local/hadoop/share/hadoop/yarn/hadoop-yarn-server-timelineservice-hbase-3.0.0.jar
STARTUP_MSG:   build = https://git-wip-us.apache.org/repos/asf/hadoop.git -r c25427ceca461ee979d30edd7a4b0f50718e6533; compiled by 'andrew' on 2017-12-08T19:16Z
STARTUP_MSG:   java = 1.8.0_151
************************************************************/
2018-03-05 22:20:07,146 INFO org.apache.hadoop.yarn.server.nodemanager.NodeManager: registered UNIX signal handlers for [TERM, HUP, INT]
2018-03-05 22:20:09,161 INFO org.apache.hadoop.yarn.server.nodemanager.NodeManager: Node Manager health check script is not available or doesn't have execute permission, so not starting the node health script runner.
2018-03-05 22:20:09,516 INFO org.apache.hadoop.yarn.event.AsyncDispatcher: Registering class org.apache.hadoop.yarn.server.nodemanager.containermanager.container.ContainerEventType for class org.apache.hadoop.yarn.server.nodemanager.containermanager.ContainerManagerImpl$ContainerEventDispatcher
2018-03-05 22:20:09,526 INFO org.apache.hadoop.yarn.event.AsyncDispatcher: Registering class org.apache.hadoop.yarn.server.nodemanager.containermanager.application.ApplicationEventType for class org.apache.hadoop.yarn.server.nodemanager.containermanager.ContainerManagerImpl$ApplicationEventDispatcher
2018-03-05 22:20:09,527 INFO org.apache.hadoop.yarn.event.AsyncDispatcher: Registering class org.apache.hadoop.yarn.server.nodemanager.containermanager.localizer.event.LocalizationEventType for class org.apache.hadoop.yarn.server.nodemanager.containermanager.ContainerManagerImpl$LocalizationEventHandlerWrapper
2018-03-05 22:20:09,531 INFO org.apache.hadoop.yarn.event.AsyncDispatcher: Registering class org.apache.hadoop.yarn.server.nodemanager.containermanager.AuxServicesEventType for class org.apache.hadoop.yarn.server.nodemanager.containermanager.AuxServices
2018-03-05 22:20:09,531 INFO org.apache.hadoop.yarn.event.AsyncDispatcher: Registering class org.apache.hadoop.yarn.server.nodemanager.containermanager.monitor.ContainersMonitorEventType for class org.apache.hadoop.yarn.server.nodemanager.containermanager.monitor.ContainersMonitorImpl
2018-03-05 22:20:09,532 INFO org.apache.hadoop.yarn.event.AsyncDispatcher: Registering class org.apache.hadoop.yarn.server.nodemanager.containermanager.launcher.ContainersLauncherEventType for class org.apache.hadoop.yarn.server.nodemanager.containermanager.launcher.ContainersLauncher
2018-03-05 22:20:09,533 INFO org.apache.hadoop.yarn.event.AsyncDispatcher: Registering class org.apache.hadoop.yarn.server.nodemanager.containermanager.scheduler.ContainerSchedulerEventType for class org.apache.hadoop.yarn.server.nodemanager.containermanager.scheduler.ContainerScheduler
2018-03-05 22:20:09,597 INFO org.apache.hadoop.yarn.event.AsyncDispatcher: Registering class org.apache.hadoop.yarn.server.nodemanager.ContainerManagerEventType for class org.apache.hadoop.yarn.server.nodemanager.containermanager.ContainerManagerImpl
2018-03-05 22:20:09,597 INFO org.apache.hadoop.yarn.event.AsyncDispatcher: Registering class org.apache.hadoop.yarn.server.nodemanager.NodeManagerEventType for class org.apache.hadoop.yarn.server.nodemanager.NodeManager
2018-03-05 22:20:10,058 INFO org.apache.commons.beanutils.FluentPropertyBeanIntrospector: Error when creating PropertyDescriptor for public final void org.apache.commons.configuration2.AbstractConfiguration.setProperty(java.lang.String,java.lang.Object)! Ignoring this property.
2018-03-05 22:20:10,310 INFO org.apache.hadoop.metrics2.impl.MetricsConfig: loaded properties from hadoop-metrics2.properties
2018-03-05 22:20:10,666 INFO org.apache.hadoop.metrics2.impl.MetricsSystemImpl: Scheduled Metric snapshot period at 10 second(s).
2018-03-05 22:20:10,666 INFO org.apache.hadoop.metrics2.impl.MetricsSystemImpl: NodeManager metrics system started
2018-03-05 22:20:10,780 INFO org.apache.hadoop.yarn.server.nodemanager.DirectoryCollection: Disk Validator: yarn.nodemanager.disk-validator is loaded.
2018-03-05 22:20:10,824 INFO org.apache.hadoop.yarn.server.nodemanager.DirectoryCollection: Disk Validator: yarn.nodemanager.disk-validator is loaded.
2018-03-05 22:20:11,106 INFO org.apache.hadoop.yarn.server.nodemanager.NodeResourceMonitorImpl:  Using ResourceCalculatorPlugin : org.apache.hadoop.yarn.util.ResourceCalculatorPlugin@247310d0
2018-03-05 22:20:11,116 INFO org.apache.hadoop.yarn.event.AsyncDispatcher: Registering class org.apache.hadoop.yarn.server.nodemanager.containermanager.loghandler.event.LogHandlerEventType for class org.apache.hadoop.yarn.server.nodemanager.containermanager.loghandler.NonAggregatingLogHandler
2018-03-05 22:20:11,127 INFO org.apache.hadoop.yarn.event.AsyncDispatcher: Registering class org.apache.hadoop.yarn.server.nodemanager.containermanager.localizer.sharedcache.SharedCacheUploadEventType for class org.apache.hadoop.yarn.server.nodemanager.containermanager.localizer.sharedcache.SharedCacheUploadService
2018-03-05 22:20:11,127 INFO org.apache.hadoop.yarn.server.nodemanager.containermanager.ContainerManagerImpl: AMRMProxyService is disabled
2018-03-05 22:20:11,127 INFO org.apache.hadoop.yarn.server.nodemanager.containermanager.localizer.ResourceLocalizationService: per directory file limit = 8192
2018-03-05 22:20:11,563 INFO org.apache.hadoop.yarn.server.nodemanager.containermanager.localizer.ResourceLocalizationService: usercache path : file:/app/hadoop/tmp/nm-local-dir/usercache_DEL_1520306411150
2018-03-05 22:20:11,691 INFO org.apache.hadoop.yarn.server.nodemanager.containermanager.localizer.ResourceLocalizationService: Disk Validator: yarn.nodemanager.disk-validator is loaded.
2018-03-05 22:20:11,704 INFO org.apache.hadoop.yarn.event.AsyncDispatcher: Registering class org.apache.hadoop.yarn.server.nodemanager.containermanager.localizer.event.LocalizerEventType for class org.apache.hadoop.yarn.server.nodemanager.containermanager.localizer.ResourceLocalizationService$LocalizerTracker
2018-03-05 22:20:11,712 INFO org.apache.hadoop.yarn.server.nodemanager.containermanager.monitor.ContainersMonitorImpl:  Using ResourceCalculatorPlugin : org.apache.hadoop.yarn.util.ResourceCalculatorPlugin@710636b0
2018-03-05 22:20:11,723 INFO org.apache.hadoop.yarn.server.nodemanager.containermanager.monitor.ContainersMonitorImpl:  Using ResourceCalculatorProcessTree : null
2018-03-05 22:20:11,724 INFO org.apache.hadoop.yarn.server.nodemanager.containermanager.monitor.ContainersMonitorImpl: Physical memory check enabled: true
2018-03-05 22:20:11,724 INFO org.apache.hadoop.yarn.server.nodemanager.containermanager.monitor.ContainersMonitorImpl: Virtual memory check enabled: true
2018-03-05 22:20:11,725 INFO org.apache.hadoop.yarn.server.nodemanager.containermanager.monitor.ContainersMonitorImpl: ContainersMonitor enabled: true
2018-03-05 22:20:11,757 WARN org.apache.hadoop.yarn.server.nodemanager.containermanager.monitor.ContainersMonitorImpl: NodeManager configured with 8 G physical memory allocated to containers, which is more than 80% of the total physical memory available (5.8 G). Thrashing might happen.
2018-03-05 22:20:11,766 INFO org.apache.hadoop.yarn.server.nodemanager.containermanager.ContainerManagerImpl: Not a recoverable state store. Nothing to recover.
2018-03-05 22:20:11,885 INFO org.apache.hadoop.conf.Configuration: resource-types.xml not found
2018-03-05 22:20:11,886 INFO org.apache.hadoop.yarn.util.resource.ResourceUtils: Unable to find 'resource-types.xml'.
2018-03-05 22:20:11,886 INFO org.apache.hadoop.conf.Configuration: node-resources.xml not found
2018-03-05 22:20:11,887 INFO org.apache.hadoop.yarn.util.resource.ResourceUtils: Unable to find 'node-resources.xml'.
2018-03-05 22:20:11,890 INFO org.apache.hadoop.yarn.server.nodemanager.NodeStatusUpdaterImpl: Nodemanager resources: memory set to 8192MB.
2018-03-05 22:20:11,890 INFO org.apache.hadoop.yarn.server.nodemanager.NodeStatusUpdaterImpl: Nodemanager resources: vcores set to 8.
2018-03-05 22:20:11,890 INFO org.apache.hadoop.yarn.server.nodemanager.NodeStatusUpdaterImpl: Nodemanager resources: <memory:8192, vCores:8>
2018-03-05 22:20:11,912 INFO org.apache.hadoop.yarn.server.nodemanager.NodeStatusUpdaterImpl: Initialized nodemanager with : physical-memory=8192 virtual-memory=17204 virtual-cores=8
2018-03-05 22:20:11,992 INFO org.apache.hadoop.ipc.CallQueueManager: Using callQueue: class java.util.concurrent.LinkedBlockingQueue queueCapacity: 2000 scheduler: class org.apache.hadoop.ipc.DefaultRpcScheduler
2018-03-05 22:20:12,028 INFO org.apache.hadoop.ipc.Server: Starting Socket Reader #1 for port 45489
2018-03-05 22:20:12,486 INFO org.apache.hadoop.yarn.factories.impl.pb.RpcServerFactoryPBImpl: Adding protocol org.apache.hadoop.yarn.api.ContainerManagementProtocolPB to the server
2018-03-05 22:20:12,488 INFO org.apache.hadoop.ipc.Server: IPC Server Responder: starting
2018-03-05 22:20:12,514 INFO org.apache.hadoop.ipc.Server: IPC Server listener on 45489: starting
2018-03-05 22:20:12,651 INFO org.apache.hadoop.yarn.server.nodemanager.security.NMContainerTokenSecretManager: Updating node address : jg-VirtualBox:45489
2018-03-05 22:20:12,697 INFO org.apache.hadoop.ipc.CallQueueManager: Using callQueue: class java.util.concurrent.LinkedBlockingQueue queueCapacity: 500 scheduler: class org.apache.hadoop.ipc.DefaultRpcScheduler
2018-03-05 22:20:12,702 INFO org.apache.hadoop.ipc.Server: Starting Socket Reader #1 for port 8040
2018-03-05 22:20:12,706 INFO org.apache.hadoop.yarn.factories.impl.pb.RpcServerFactoryPBImpl: Adding protocol org.apache.hadoop.yarn.server.nodemanager.api.LocalizationProtocolPB to the server
2018-03-05 22:20:12,729 INFO org.apache.hadoop.ipc.Server: IPC Server Responder: starting
2018-03-05 22:20:12,747 INFO org.apache.hadoop.yarn.server.nodemanager.containermanager.localizer.ResourceLocalizationService: Localizer started on port 8040
2018-03-05 22:20:12,749 INFO org.apache.hadoop.ipc.Server: IPC Server listener on 8040: starting
2018-03-05 22:20:12,797 INFO org.apache.hadoop.yarn.server.nodemanager.containermanager.ContainerManagerImpl: ContainerManager started at jg-VirtualBox/127.0.1.1:45489
2018-03-05 22:20:12,797 INFO org.apache.hadoop.yarn.server.nodemanager.containermanager.ContainerManagerImpl: ContainerManager bound to 0.0.0.0/0.0.0.0:0
2018-03-05 22:20:12,808 INFO org.apache.hadoop.yarn.server.nodemanager.webapp.WebServer: Instantiating NMWebApp at 0.0.0.0:8042
2018-03-05 22:20:12,865 INFO org.eclipse.jetty.util.log: Logging initialized @6992ms
2018-03-05 22:20:13,436 INFO org.apache.hadoop.security.authentication.server.AuthenticationFilter: Unable to initialize FileSignerSecretProvider, falling back to use random secrets.
2018-03-05 22:20:13,456 INFO org.apache.hadoop.http.HttpRequestLog: Http request log for http.requests.nodemanager is not defined
2018-03-05 22:20:13,470 INFO org.apache.hadoop.http.HttpServer2: Added global filter 'safety' (class=org.apache.hadoop.http.HttpServer2$QuotingInputFilter)
2018-03-05 22:20:13,479 INFO org.apache.hadoop.http.HttpServer2: Added filter static_user_filter (class=org.apache.hadoop.http.lib.StaticUserWebFilter$StaticUserFilter) to context node
2018-03-05 22:20:13,480 INFO org.apache.hadoop.http.HttpServer2: Added filter static_user_filter (class=org.apache.hadoop.http.lib.StaticUserWebFilter$StaticUserFilter) to context static
2018-03-05 22:20:13,480 INFO org.apache.hadoop.http.HttpServer2: Added filter static_user_filter (class=org.apache.hadoop.http.lib.StaticUserWebFilter$StaticUserFilter) to context logs
2018-03-05 22:20:13,481 INFO org.apache.hadoop.http.HttpServer2: Added filter authentication (class=org.apache.hadoop.security.AuthenticationWithProxyUserFilter) to context node
2018-03-05 22:20:13,481 INFO org.apache.hadoop.http.HttpServer2: Added filter authentication (class=org.apache.hadoop.security.AuthenticationWithProxyUserFilter) to context static
2018-03-05 22:20:13,481 INFO org.apache.hadoop.http.HttpServer2: Added filter authentication (class=org.apache.hadoop.security.AuthenticationWithProxyUserFilter) to context logs
2018-03-05 22:20:13,487 INFO org.apache.hadoop.http.HttpServer2: adding path spec: /node/*
2018-03-05 22:20:13,488 INFO org.apache.hadoop.http.HttpServer2: adding path spec: /ws/*
2018-03-05 22:20:14,712 INFO org.apache.hadoop.yarn.webapp.WebApps: Registered webapp guice modules
2018-03-05 22:20:14,728 INFO org.apache.hadoop.http.HttpServer2: Jetty bound to port 8042
2018-03-05 22:20:14,730 INFO org.eclipse.jetty.server.Server: jetty-9.3.19.v20170502
2018-03-05 22:20:14,873 INFO org.apache.hadoop.security.authentication.server.AuthenticationFilter: Unable to initialize FileSignerSecretProvider, falling back to use random secrets.
2018-03-05 22:20:14,880 INFO org.eclipse.jetty.server.handler.ContextHandler: Started o.e.j.s.ServletContextHandler@302a07d{/logs,file:///usr/local/hadoop/logs/,AVAILABLE}
2018-03-05 22:20:14,883 INFO org.eclipse.jetty.server.handler.ContextHandler: Started o.e.j.s.ServletContextHandler@681a8b4e{/static,jar:file:/usr/local/hadoop/share/hadoop/yarn/hadoop-yarn-common-3.0.0.jar!/webapps/static,AVAILABLE}
2018-03-05 22:20:18,243 INFO org.eclipse.jetty.server.handler.ContextHandler: Started o.e.j.w.WebAppContext@2b917fb0{/,file:///tmp/jetty-0.0.0.0-8042-node-_-any-49099842994004753.dir/webapp/,AVAILABLE}{/node}
2018-03-05 22:20:18,310 INFO org.eclipse.jetty.server.AbstractConnector: Started ServerConnector@294ede72{HTTP/1.1,[http/1.1]}{0.0.0.0:8042}
2018-03-05 22:20:18,316 INFO org.eclipse.jetty.server.Server: Started @12445ms
2018-03-05 22:20:18,316 INFO org.apache.hadoop.yarn.webapp.WebApps: Web app node started at 8042
2018-03-05 22:20:18,326 INFO org.apache.hadoop.yarn.server.nodemanager.NodeStatusUpdaterImpl: Node ID assigned is : jg-VirtualBox:45489
2018-03-05 22:20:18,357 INFO org.apache.hadoop.yarn.client.RMProxy: Connecting to ResourceManager at /0.0.0.0:8031
2018-03-05 22:20:18,358 INFO org.apache.hadoop.util.JvmPauseMonitor: Starting JVM pause monitor
2018-03-05 22:20:18,535 INFO org.apache.hadoop.yarn.server.nodemanager.NodeStatusUpdaterImpl: Sending out 0 NM container statuses: []
2018-03-05 22:20:18,546 INFO org.apache.hadoop.yarn.server.nodemanager.NodeStatusUpdaterImpl: Registering with RM using containers :[]
2018-03-05 22:20:19,680 INFO org.apache.hadoop.yarn.server.nodemanager.security.NMContainerTokenSecretManager: Rolling master-key for container-tokens, got key with id 69877775
2018-03-05 22:20:19,684 INFO org.apache.hadoop.yarn.server.nodemanager.security.NMTokenSecretManagerInNM: Rolling master-key for container-tokens, got key with id -1901647292
2018-03-05 22:20:19,692 INFO org.apache.hadoop.yarn.server.nodemanager.NodeStatusUpdaterImpl: Registered with ResourceManager as jg-VirtualBox:45489 with total resource of <memory:8192, vCores:8>
2018-03-05 22:30:12,672 INFO org.apache.hadoop.yarn.server.nodemanager.containermanager.localizer.ResourceLocalizationService: Cache Size Before Clean: 0, Total Deleted: 0, Public Deleted: 0, Private Deleted: 0
2018-03-05 22:40:12,667 INFO org.apache.hadoop.yarn.server.nodemanager.containermanager.localizer.ResourceLocalizationService: Cache Size Before Clean: 0, Total Deleted: 0, Public Deleted: 0, Private Deleted: 0
2018-03-05 22:50:12,667 INFO org.apache.hadoop.yarn.server.nodemanager.containermanager.localizer.ResourceLocalizationService: Cache Size Before Clean: 0, Total Deleted: 0, Public Deleted: 0, Private Deleted: 0
2018-03-05 23:00:12,667 INFO org.apache.hadoop.yarn.server.nodemanager.containermanager.localizer.ResourceLocalizationService: Cache Size Before Clean: 0, Total Deleted: 0, Public Deleted: 0, Private Deleted: 0
2018-03-05 23:10:12,668 INFO org.apache.hadoop.yarn.server.nodemanager.containermanager.localizer.ResourceLocalizationService: Cache Size Before Clean: 0, Total Deleted: 0, Public Deleted: 0, Private Deleted: 0
2018-03-05 23:20:12,669 INFO org.apache.hadoop.yarn.server.nodemanager.containermanager.localizer.ResourceLocalizationService: Cache Size Before Clean: 0, Total Deleted: 0, Public Deleted: 0, Private Deleted: 0
2018-03-05 23:30:12,670 INFO org.apache.hadoop.yarn.server.nodemanager.containermanager.localizer.ResourceLocalizationService: Cache Size Before Clean: 0, Total Deleted: 0, Public Deleted: 0, Private Deleted: 0
2018-03-05 23:40:12,670 INFO org.apache.hadoop.yarn.server.nodemanager.containermanager.localizer.ResourceLocalizationService: Cache Size Before Clean: 0, Total Deleted: 0, Public Deleted: 0, Private Deleted: 0
2018-03-05 23:42:19,189 ERROR org.apache.hadoop.yarn.server.nodemanager.NodeManager: RECEIVED SIGNAL 15: SIGTERM
2018-03-05 23:42:19,235 INFO org.apache.hadoop.yarn.server.nodemanager.NodeStatusUpdaterImpl: Successfully Unregistered the Node jg-VirtualBox:45489 with ResourceManager.
2018-03-05 23:42:19,375 INFO org.eclipse.jetty.server.handler.ContextHandler: Stopped o.e.j.w.WebAppContext@2b917fb0{/,null,UNAVAILABLE}{/node}
2018-03-05 23:42:19,380 INFO org.eclipse.jetty.server.AbstractConnector: Stopped ServerConnector@294ede72{HTTP/1.1,[http/1.1]}{0.0.0.0:8042}
2018-03-05 23:42:19,383 INFO org.eclipse.jetty.server.handler.ContextHandler: Stopped o.e.j.s.ServletContextHandler@681a8b4e{/static,jar:file:/usr/local/hadoop/share/hadoop/yarn/hadoop-yarn-common-3.0.0.jar!/webapps/static,UNAVAILABLE}
2018-03-05 23:42:19,383 INFO org.eclipse.jetty.server.handler.ContextHandler: Stopped o.e.j.s.ServletContextHandler@302a07d{/logs,file:///usr/local/hadoop/logs/,UNAVAILABLE}
2018-03-05 23:42:19,389 INFO org.apache.hadoop.ipc.Server: Stopping server on 45489
2018-03-05 23:42:19,391 INFO org.apache.hadoop.ipc.Server: Stopping IPC Server listener on 45489
2018-03-05 23:42:19,397 INFO org.apache.hadoop.ipc.Server: Stopping IPC Server Responder
2018-03-05 23:42:19,403 WARN org.apache.hadoop.yarn.server.nodemanager.containermanager.monitor.ContainersMonitorImpl: org.apache.hadoop.yarn.server.nodemanager.containermanager.monitor.ContainersMonitorImpl is interrupted. Exiting.
2018-03-05 23:42:19,404 INFO org.apache.hadoop.ipc.Server: Stopping server on 8040
2018-03-05 23:42:19,406 INFO org.apache.hadoop.ipc.Server: Stopping IPC Server Responder
2018-03-05 23:42:19,406 INFO org.apache.hadoop.ipc.Server: Stopping IPC Server listener on 8040
2018-03-05 23:42:19,407 INFO org.apache.hadoop.yarn.server.nodemanager.containermanager.localizer.ResourceLocalizationService: Public cache exiting
2018-03-05 23:42:19,407 WARN org.apache.hadoop.yarn.server.nodemanager.NodeResourceMonitorImpl: org.apache.hadoop.yarn.server.nodemanager.NodeResourceMonitorImpl is interrupted. Exiting.
2018-03-05 23:42:19,408 INFO org.apache.hadoop.metrics2.impl.MetricsSystemImpl: Stopping NodeManager metrics system...
2018-03-05 23:42:19,415 INFO org.apache.hadoop.metrics2.impl.MetricsSystemImpl: NodeManager metrics system stopped.
2018-03-05 23:42:19,415 INFO org.apache.hadoop.metrics2.impl.MetricsSystemImpl: NodeManager metrics system shutdown complete.
2018-03-05 23:42:19,415 INFO org.apache.hadoop.yarn.server.nodemanager.NodeManager: SHUTDOWN_MSG: 
/************************************************************
SHUTDOWN_MSG: Shutting down NodeManager at jg-VirtualBox/127.0.1.1
************************************************************/
